<!DOCTYPE html>

<html>
  <head>
  <meta charset='utf-8'>
  <title>TestNG reports</title>

    <link type="text/css" href="testng-reports.css" rel="stylesheet" />
    <script type="text/javascript" src="jquery-1.7.1.min.js"></script>
    <script type="text/javascript" src="testng-reports.js"></script>
    <script type="text/javascript" src="https://www.google.com/jsapi"></script>
    <script type='text/javascript'>
      google.load('visualization', '1', {packages:['table']});
      google.setOnLoadCallback(drawTable);
      var suiteTableInitFunctions = new Array();
      var suiteTableData = new Array();
    </script>
    <!--
      <script type="text/javascript" src="jquery-ui/js/jquery-ui-1.8.16.custom.min.js"></script>
     -->
  </head>

  <body>
    <div class="top-banner-root">
      <span class="top-banner-title-font">Test results</span>
      <br/>
      <span class="top-banner-font-1">1 suite</span>
    </div> <!-- top-banner-root -->
    <div class="navigator-root">
      <div class="navigator-suite-header">
        <span>All suites</span>
        <a href="#" class="collapse-all-link" title="Collapse/expand all the suites">
          <img class="collapse-all-icon" src="collapseall.gif">
          </img> <!-- collapse-all-icon -->
        </a> <!-- collapse-all-link -->
      </div> <!-- navigator-suite-header -->
      <div class="suite">
        <div class="rounded-window">
          <div class="suite-header light-rounded-window-top">
            <a href="#" class="navigator-link" panel-name="suite-Regression">
              <span class="suite-name border-skipped">Regression</span>
            </a> <!-- navigator-link -->
          </div> <!-- suite-header light-rounded-window-top -->
          <div class="navigator-suite-content">
            <div class="suite-section-title">
              <span>Info</span>
            </div> <!-- suite-section-title -->
            <div class="suite-section-content">
              <ul>
                <li>
                  <a href="#" class="navigator-link " panel-name="test-xml-Regression">
                    <span>C:\V2AutoWH\testng.xml</span>
                  </a> <!-- navigator-link  -->
                </li>
                <li>
                  <a href="#" class="navigator-link " panel-name="testlist-Regression">
                    <span class="test-stats">40 tests</span>
                  </a> <!-- navigator-link  -->
                </li>
                <li>
                  <a href="#" class="navigator-link " panel-name="group-Regression">
                    <span>0 groups</span>
                  </a> <!-- navigator-link  -->
                </li>
                <li>
                  <a href="#" class="navigator-link " panel-name="times-Regression">
                    <span>Times</span>
                  </a> <!-- navigator-link  -->
                </li>
                <li>
                  <a href="#" class="navigator-link " panel-name="reporter-Regression">
                    <span>Reporter output</span>
                  </a> <!-- navigator-link  -->
                </li>
                <li>
                  <a href="#" class="navigator-link " panel-name="ignored-methods-Regression">
                    <span>Ignored methods</span>
                  </a> <!-- navigator-link  -->
                </li>
                <li>
                  <a href="#" class="navigator-link " panel-name="chronological-Regression">
                    <span>Chronological view</span>
                  </a> <!-- navigator-link  -->
                </li>
              </ul>
            </div> <!-- suite-section-content -->
            <div class="result-section">
              <div class="suite-section-title">
                <span>Results</span>
              </div> <!-- suite-section-title -->
              <div class="suite-section-content">
                <ul>
                  <li>
                    <span class="method-stats">40 methods,  39 skipped,  1 passed</span>
                  </li>
                  <li>
                    <span class="method-list-title skipped">Skipped methods</span>
                    <span class="show-or-hide-methods skipped">
                      <a href="#" panel-name="suite-Regression" class="hide-methods skipped suite-Regression"> (hide)</a> <!-- hide-methods skipped suite-Regression -->
                      <a href="#" panel-name="suite-Regression" class="show-methods skipped suite-Regression"> (show)</a> <!-- show-methods skipped suite-Regression -->
                    </span>
                    <div class="method-list-content skipped suite-Regression">
                      <span>
                        <img width="3%" src="skipped.png"/>
                        <a href="#" class="method navigator-link" panel-name="suite-Regression" title="in.v2solutions.hybrid.testcases.HLT_15_Verify_AddExternalHostTransfer" hash-for-method="verify_AddExternalHostTransfer({RunMode=Y})">verify_AddExternalHostTransfer({RunMode=Y})</a> <!-- method navigator-link -->
                      </span>
                      <br/>
                      <span>
                        <img width="3%" src="skipped.png"/>
                        <a href="#" class="method navigator-link" panel-name="suite-Regression" title="in.v2solutions.hybrid.testcases.HLT_02_Verify_AddViewEditSearchAndDeleteFunctionalitiesForCredentials" hash-for-method="verify_AddViewEditSearchAndDeleteFunctionalitiesForCredentials({RunMode=Y})">verify_AddViewEditSearchAndDeleteFunctionalitiesForCredentials({RunMode=Y})</a> <!-- method navigator-link -->
                      </span>
                      <br/>
                      <span>
                        <img width="3%" src="skipped.png"/>
                        <a href="#" class="method navigator-link" panel-name="suite-Regression" title="in.v2solutions.hybrid.testcases.HLT_06_Verify_AddViewEditSearchAndDeleteFunctionalitiesForHostReports" hash-for-method="verify_AddViewEditSearchAndDeleteFunctionalitiesForHostReports({RunMode=Y})">verify_AddViewEditSearchAndDeleteFunctionalitiesForHostReports({RunMode=Y})</a> <!-- method navigator-link -->
                      </span>
                      <br/>
                      <span>
                        <img width="3%" src="skipped.png"/>
                        <a href="#" class="method navigator-link" panel-name="suite-Regression" title="in.v2solutions.hybrid.testcases.HLT_01_Verify_AddViewEditSearchAndDeleteFunctionalitiesForNewUser" hash-for-method="verify_AddViewEditSearchAndDeleteFunctionalitiesForNewUser({RunMode=Y})">verify_AddViewEditSearchAndDeleteFunctionalitiesForNewUser({RunMode=Y})</a> <!-- method navigator-link -->
                      </span>
                      <br/>
                      <span>
                        <img width="3%" src="skipped.png"/>
                        <a href="#" class="method navigator-link" panel-name="suite-Regression" title="in.v2solutions.hybrid.testcases.HLT_07_Verify_AddViewEditSearchAndDeleteFunctionalitiesForSystemStatusReports" hash-for-method="verify_AddViewEditSearchAndDeleteFunctionalitiesForSystemStatusReports({RunMode=Y})">verify_AddViewEditSearchAndDeleteFunctionalitiesForSystemStatusReports({RunMode=Y})</a> <!-- method navigator-link -->
                      </span>
                      <br/>
                      <span>
                        <img width="3%" src="skipped.png"/>
                        <a href="#" class="method navigator-link" panel-name="suite-Regression" title="in.v2solutions.hybrid.testcases.HLT_03_Verify_AddViewEditSearchAndDeleteFunctionalitiesForUserGroups" hash-for-method="verify_AddViewEditSearchAndDeleteFunctionalitiesForUserGroups({RunMode=Y})">verify_AddViewEditSearchAndDeleteFunctionalitiesForUserGroups({RunMode=Y})</a> <!-- method navigator-link -->
                      </span>
                      <br/>
                      <span>
                        <img width="3%" src="skipped.png"/>
                        <a href="#" class="method navigator-link" panel-name="suite-Regression" title="in.v2solutions.hybrid.testcases.HLT_08_Verify_AddViewEditSearchAndDeleteFunctionalitiesForUserReports" hash-for-method="verify_AddViewEditSearchAndDeleteFunctionalitiesForUserReports({RunMode=Y})">verify_AddViewEditSearchAndDeleteFunctionalitiesForUserReports({RunMode=Y})</a> <!-- method navigator-link -->
                      </span>
                      <br/>
                      <span>
                        <img width="3%" src="skipped.png"/>
                        <a href="#" class="method navigator-link" panel-name="suite-Regression" title="in.v2solutions.hybrid.testcases.HLT_05_Verify_AddViewEditSearchExportAndDeleteFunctionalitiesForTransferReports" hash-for-method="verify_AddViewEditSearchExportAndDeleteFunctionalitiesForTransferReports({RunMode=Y})">verify_AddViewEditSearchExportAndDeleteFunctionalitiesForTransferReports({RunMode=Y})</a> <!-- method navigator-link -->
                      </span>
                      <br/>
                      <span>
                        <img width="3%" src="skipped.png"/>
                        <a href="#" class="method navigator-link" panel-name="suite-Regression" title="in.v2solutions.hybrid.testcases.HLT_17_Verify_AdministratorRolePermissions" hash-for-method="verify_AdministratorRolePermissions({RunMode=Y})">verify_AdministratorRolePermissions({RunMode=Y})</a> <!-- method navigator-link -->
                      </span>
                      <br/>
                      <span>
                        <img width="3%" src="skipped.png"/>
                        <a href="#" class="method navigator-link" panel-name="suite-Regression" title="in.v2solutions.hybrid.testcases.HLT_37_Verify_AssignUnassignHostToExternalUserAndVerifyDeleteAction" hash-for-method="verify_AssignUnassignHostToExternalUserAnd({RunMode=Y})">verify_AssignUnassignHostToExternalUserAnd({RunMode=Y})</a> <!-- method navigator-link -->
                      </span>
                      <br/>
                      <span>
                        <img width="3%" src="skipped.png"/>
                        <a href="#" class="method navigator-link" panel-name="suite-Regression" title="in.v2solutions.hybrid.testcases.HLT_35_Verify_CaptureUserActions" hash-for-method="verify_CaptureUserActions({RunMode=Y})">verify_CaptureUserActions({RunMode=Y})</a> <!-- method navigator-link -->
                      </span>
                      <br/>
                      <span>
                        <img width="3%" src="skipped.png"/>
                        <a href="#" class="method navigator-link" panel-name="suite-Regression" title="in.v2solutions.hybrid.testcases.HLT_47_Verify_CreateMultipleSubjobsAndVerifyStatus" hash-for-method="verify_CreateMultipleSubjobsAnd({RunMode=Y})">verify_CreateMultipleSubjobsAnd({RunMode=Y})</a> <!-- method navigator-link -->
                      </span>
                      <br/>
                      <span>
                        <img width="3%" src="skipped.png"/>
                        <a href="#" class="method navigator-link" panel-name="suite-Regression" title="in.v2solutions.hybrid.testcases.HLT_39_Verify_CreateNewSubJobTransfer" hash-for-method="verify_CreateNewSubJobTransfer({RunMode=Y})">verify_CreateNewSubJobTransfer({RunMode=Y})</a> <!-- method navigator-link -->
                      </span>
                      <br/>
                      <span>
                        <img width="3%" src="skipped.png"/>
                        <a href="#" class="method navigator-link" panel-name="suite-Regression" title="in.v2solutions.hybrid.testcases.HLT_46_Verify_CreateNewTransferWithFTPSProtocolAndItsActions" hash-for-method="verify_CreateNewTransferWithFTPSProtocolAndItsActions({RunMode=Y})">verify_CreateNewTransferWithFTPSProtocolAndItsActions({RunMode=Y})</a> <!-- method navigator-link -->
                      </span>
                      <br/>
                      <span>
                        <img width="3%" src="skipped.png"/>
                        <a href="#" class="method navigator-link" panel-name="suite-Regression" title="in.v2solutions.hybrid.testcases.HLT_45_Verify_CreateSubJobWithEngineAndVerifyTransferLogs" hash-for-method="verify_CreateSubJobWithEngineAnd({RunMode=Y})">verify_CreateSubJobWithEngineAnd({RunMode=Y})</a> <!-- method navigator-link -->
                      </span>
                      <br/>
                      <span>
                        <img width="3%" src="skipped.png"/>
                        <a href="#" class="method navigator-link" panel-name="suite-Regression" title="in.v2solutions.hybrid.testcases.HLT_51_Verify_CreateViewEditDeleteDataForApplicationsModule" hash-for-method="verify_CreateViewEditDeleteDataForApplicationsModule({RunMode=Y})">verify_CreateViewEditDeleteDataForApplicationsModule({RunMode=Y})</a> <!-- method navigator-link -->
                      </span>
                      <br/>
                      <span>
                        <img width="3%" src="skipped.png"/>
                        <a href="#" class="method navigator-link" panel-name="suite-Regression" title="in.v2solutions.hybrid.testcases.HLT_32_Verify_GlobalSearchDeatilsTransferHistory" hash-for-method="verify_GlobalSearchDeatilsTransferHistory({RunMode=Y})">verify_GlobalSearchDeatilsTransferHistory({RunMode=Y})</a> <!-- method navigator-link -->
                      </span>
                      <br/>
                      <span>
                        <img width="3%" src="skipped.png"/>
                        <a href="#" class="method navigator-link" panel-name="suite-Regression" title="in.v2solutions.hybrid.testcases.HLT_04_Verify_HostActionsFunctionality" hash-for-method="verify_HostActionsFunctionality({RunMode=Y})">verify_HostActionsFunctionality({RunMode=Y})</a> <!-- method navigator-link -->
                      </span>
                      <br/>
                      <span>
                        <img width="3%" src="skipped.png"/>
                        <a href="#" class="method navigator-link" panel-name="suite-Regression" title="in.v2solutions.hybrid.testcases.HLT_50_Verify_KeyCompatabilityWhileCreatingTransfer" hash-for-method="verify_KeyCompatabilityWhileCreatingTransfer({RunMode=Y})">verify_KeyCompatabilityWhileCreatingTransfer({RunMode=Y})</a> <!-- method navigator-link -->
                      </span>
                      <br/>
                      <span>
                        <img width="3%" src="skipped.png"/>
                        <a href="#" class="method navigator-link" panel-name="suite-Regression" title="in.v2solutions.hybrid.testcases.HLT_42_Verify_KnowledgeBaseContactUsURLs" hash-for-method="verify_KnowledgeBaseContactUsURLs({RunMode=Y})">verify_KnowledgeBaseContactUsURLs({RunMode=Y})</a> <!-- method navigator-link -->
                      </span>
                      <br/>
                      <span>
                        <img width="3%" src="skipped.png"/>
                        <a href="#" class="method navigator-link" panel-name="suite-Regression" title="in.v2solutions.hybrid.testcases.HLT_11_Verify_ManageTransferActions" hash-for-method="verify_ManageTransferActions({RunMode=Y})">verify_ManageTransferActions({RunMode=Y})</a> <!-- method navigator-link -->
                      </span>
                      <br/>
                      <span>
                        <img width="3%" src="skipped.png"/>
                        <a href="#" class="method navigator-link" panel-name="suite-Regression" title="in.v2solutions.hybrid.testcases.HLT_33_Verify_MetaDatafileForTransfers" hash-for-method="verify_MetaDatafileForTransfers({RunMode=Y})">verify_MetaDatafileForTransfers({RunMode=Y})</a> <!-- method navigator-link -->
                      </span>
                      <br/>
                      <span>
                        <img width="3%" src="skipped.png"/>
                        <a href="#" class="method navigator-link" panel-name="suite-Regression" title="in.v2solutions.hybrid.testcases.HLT_23_Verify_ProductsLicenses" hash-for-method="verify_ProductsLicenses({RunMode=Y})">verify_ProductsLicenses({RunMode=Y})</a> <!-- method navigator-link -->
                      </span>
                      <br/>
                      <span>
                        <img width="3%" src="skipped.png"/>
                        <a href="#" class="method navigator-link" panel-name="suite-Regression" title="in.v2solutions.hybrid.testcases.HLT_31_Verify_ProductsLicensesInsatllations" hash-for-method="verify_ProductsLicensesInsatllations({RunMode=Y})">verify_ProductsLicensesInsatllations({RunMode=Y})</a> <!-- method navigator-link -->
                      </span>
                      <br/>
                      <span>
                        <img width="3%" src="skipped.png"/>
                        <a href="#" class="method navigator-link" panel-name="suite-Regression" title="in.v2solutions.hybrid.testcases.HLT_22_Verify_ProfileActions" hash-for-method="verify_ProfileActions({RunMode=Y})">verify_ProfileActions({RunMode=Y})</a> <!-- method navigator-link -->
                      </span>
                      <br/>
                      <span>
                        <img width="3%" src="skipped.png"/>
                        <a href="#" class="method navigator-link" panel-name="suite-Regression" title="in.v2solutions.hybrid.testcases.HLT_29_Verify_SFTPTransfer" hash-for-method="verify_SFTPTransfer({RunMode=Y})">verify_SFTPTransfer({RunMode=Y})</a> <!-- method navigator-link -->
                      </span>
                      <br/>
                      <span>
                        <img width="3%" src="skipped.png"/>
                        <a href="#" class="method navigator-link" panel-name="suite-Regression" title="in.v2solutions.hybrid.testcases.HLT_43_Verify_ScheduleSubJobTransfer" hash-for-method="verify_ScheduleSubJobTransfer({RunMode=Y})">verify_ScheduleSubJobTransfer({RunMode=Y})</a> <!-- method navigator-link -->
                      </span>
                      <br/>
                      <span>
                        <img width="3%" src="skipped.png"/>
                        <a href="#" class="method navigator-link" panel-name="suite-Regression" title="in.v2solutions.hybrid.testcases.HLT_21_Verify_ScheduleTransfer" hash-for-method="verify_ScheduleTransfer({RunMode=Y})">verify_ScheduleTransfer({RunMode=Y})</a> <!-- method navigator-link -->
                      </span>
                      <br/>
                      <span>
                        <img width="3%" src="skipped.png"/>
                        <a href="#" class="method navigator-link" panel-name="suite-Regression" title="in.v2solutions.hybrid.testcases.HLT_38_Verify_ScheduleTransferUsingCronExpression" hash-for-method="verify_ScheduleTransferUsingCronExpression({RunMode=Y})">verify_ScheduleTransferUsingCronExpression({RunMode=Y})</a> <!-- method navigator-link -->
                      </span>
                      <br/>
                      <span>
                        <img width="3%" src="skipped.png"/>
                        <a href="#" class="method navigator-link" panel-name="suite-Regression" title="in.v2solutions.hybrid.testcases.HLT_12_Verify_SearchDetails_ManageTransfers" hash-for-method="verify_SearchDetails_ManageTransfers({RunMode=Y})">verify_SearchDetails_ManageTransfers({RunMode=Y})</a> <!-- method navigator-link -->
                      </span>
                      <br/>
                      <span>
                        <img width="3%" src="skipped.png"/>
                        <a href="#" class="method navigator-link" panel-name="suite-Regression" title="in.v2solutions.hybrid.testcases.HLT_34_Verify_SearchFunctionalityWorksForUserActions" hash-for-method="verify_SearchFunctionalityWorksForUserActions({RunMode=Y})">verify_SearchFunctionalityWorksForUserActions({RunMode=Y})</a> <!-- method navigator-link -->
                      </span>
                      <br/>
                      <span>
                        <img width="3%" src="skipped.png"/>
                        <a href="#" class="method navigator-link" panel-name="suite-Regression" title="in.v2solutions.hybrid.testcases.HLT_16_Verify_SearchOperationForDatabaseListAndArchiveLogs" hash-for-method="verify_SearchOperationForDatabaseListAndArchiveLogs({RunMode=Y})">verify_SearchOperationForDatabaseListAndArchiveLogs({RunMode=Y})</a> <!-- method navigator-link -->
                      </span>
                      <br/>
                      <span>
                        <img width="3%" src="skipped.png"/>
                        <a href="#" class="method navigator-link" panel-name="suite-Regression" title="in.v2solutions.hybrid.testcases.HLT_28_Verify_SelectUnselectSFTPServeronHosts" hash-for-method="verify_SelectUnselectSFTPServeronHosts({RunMode=Y})">verify_SelectUnselectSFTPServeronHosts({RunMode=Y})</a> <!-- method navigator-link -->
                      </span>
                      <br/>
                      <span>
                        <img width="3%" src="skipped.png"/>
                        <a href="#" class="method navigator-link" panel-name="suite-Regression" title="in.v2solutions.hybrid.testcases.HLT_41_Verify_SubJobTransferActions" hash-for-method="verify_SubJobTransferActions({RunMode=Y})">verify_SubJobTransferActions({RunMode=Y})</a> <!-- method navigator-link -->
                      </span>
                      <br/>
                      <span>
                        <img width="3%" src="skipped.png"/>
                        <a href="#" class="method navigator-link" panel-name="suite-Regression" title="in.v2solutions.hybrid.testcases.HLT_44_Verify_SubjobTransferActionSAnditShouldNotDisplayMigrateAction" hash-for-method="verify_SubjobTransferActionSAnditShouldNotDisplayMigrateAction({RunMode=Y})">verify_SubjobTransferActionSAnditShouldNotDisplayMigrateAction({RunMode=Y})</a> <!-- method navigator-link -->
                      </span>
                      <br/>
                      <span>
                        <img width="3%" src="skipped.png"/>
                        <a href="#" class="method navigator-link" panel-name="suite-Regression" title="in.v2solutions.hybrid.testcases.HLT_19_Verify_SuperuserRolePermissions" hash-for-method="verify_SuperuserRolePermissions({RunMode=Y})">verify_SuperuserRolePermissions({RunMode=Y})</a> <!-- method navigator-link -->
                      </span>
                      <br/>
                      <span>
                        <img width="3%" src="skipped.png"/>
                        <a href="#" class="method navigator-link" panel-name="suite-Regression" title="in.v2solutions.hybrid.testcases.HLT_36_Verify_SystemNotifications" hash-for-method="verify_SystemNotifications({RunMode=Y})">verify_SystemNotifications({RunMode=Y})</a> <!-- method navigator-link -->
                      </span>
                      <br/>
                      <span>
                        <img width="3%" src="skipped.png"/>
                        <a href="#" class="method navigator-link" panel-name="suite-Regression" title="in.v2solutions.hybrid.testcases.HLT_00_Verify_TestData" hash-for-method="verify_TestData({RunMode=Y})">verify_TestData({RunMode=Y})</a> <!-- method navigator-link -->
                      </span>
                      <br/>
                      <span>
                        <img width="3%" src="skipped.png"/>
                        <a href="#" class="method navigator-link" panel-name="suite-Regression" title="in.v2solutions.hybrid.testcases.HLT_18_Verify_UserRolePermissions" hash-for-method="verify_UserRolePermissions({RunMode=Y})">verify_UserRolePermissions({RunMode=Y})</a> <!-- method navigator-link -->
                      </span>
                      <br/>
                    </div> <!-- method-list-content skipped suite-Regression -->
                  </li>
                  <li>
                    <span class="method-list-title passed">Passed methods</span>
                    <span class="show-or-hide-methods passed">
                      <a href="#" panel-name="suite-Regression" class="hide-methods passed suite-Regression"> (hide)</a> <!-- hide-methods passed suite-Regression -->
                      <a href="#" panel-name="suite-Regression" class="show-methods passed suite-Regression"> (show)</a> <!-- show-methods passed suite-Regression -->
                    </span>
                    <div class="method-list-content passed suite-Regression">
                      <span>
                        <img width="3%" src="passed.png"/>
                        <a href="#" class="method navigator-link" panel-name="suite-Regression" title="in.v2solutions.hybrid.testcases.HLT_09_Verify_SearchDetails_TransferHistory" hash-for-method="verify_SearchDetails_TransferHistory({RunMode=Y})">verify_SearchDetails_TransferHistory({RunMode=Y})</a> <!-- method navigator-link -->
                      </span>
                      <br/>
                    </div> <!-- method-list-content passed suite-Regression -->
                  </li>
                </ul>
              </div> <!-- suite-section-content -->
            </div> <!-- result-section -->
          </div> <!-- navigator-suite-content -->
        </div> <!-- rounded-window -->
      </div> <!-- suite -->
    </div> <!-- navigator-root -->
    <div class="wrapper">
      <div class="main-panel-root">
        <div panel-name="suite-Regression" class="panel Regression">
          <div class="suite-Regression-class-skipped">
            <div class="main-panel-header rounded-window-top">
              <img src="skipped.png"/>
              <span class="class-name">in.v2solutions.hybrid.testcases.HLT_44_Verify_SubjobTransferActionSAnditShouldNotDisplayMigrateAction</span>
            </div> <!-- main-panel-header rounded-window-top -->
            <div class="main-panel-content rounded-window-bottom">
              <div class="method">
                <div class="method-content">
                  <a name="verify_SubjobTransferActionSAnditShouldNotDisplayMigrateAction({RunMode=Y})">
                  </a> <!-- verify_SubjobTransferActionSAnditShouldNotDisplayMigrateAction({RunMode=Y}) -->
                  <span class="method-name">verify_SubjobTransferActionSAnditShouldNotDisplayMigrateAction</span>
                  <span class="parameters">({RunMode=Y})</span>
                  <div class="stack-trace">org.testng.SkipException: This Test Script is Skipped as it&apos;s RunMode is Marked as NO
	at in.v2solutions.hybrid.testcases.HLT_44_Verify_SubjobTransferActionSAnditShouldNotDisplayMigrateAction.verify_SubjobTransferActionSAnditShouldNotDisplayMigrateAction(HLT_44_Verify_SubjobTransferActionSAnditShouldNotDisplayMigrateAction.java:52)
... Removed 24 stack frames
</div> <!-- stack-trace -->
                </div> <!-- method-content -->
              </div> <!-- method -->
            </div> <!-- main-panel-content rounded-window-bottom -->
          </div> <!-- suite-Regression-class-skipped -->
          <div class="suite-Regression-class-skipped">
            <div class="main-panel-header rounded-window-top">
              <img src="skipped.png"/>
              <span class="class-name">in.v2solutions.hybrid.testcases.HLT_36_Verify_SystemNotifications</span>
            </div> <!-- main-panel-header rounded-window-top -->
            <div class="main-panel-content rounded-window-bottom">
              <div class="method">
                <div class="method-content">
                  <a name="verify_SystemNotifications({RunMode=Y})">
                  </a> <!-- verify_SystemNotifications({RunMode=Y}) -->
                  <span class="method-name">verify_SystemNotifications</span>
                  <span class="parameters">({RunMode=Y})</span>
                  <div class="stack-trace">org.testng.SkipException: This Test Script is Skipped as it&apos;s RunMode is Marked as NO
	at in.v2solutions.hybrid.testcases.HLT_36_Verify_SystemNotifications.verify_SystemNotifications(HLT_36_Verify_SystemNotifications.java:52)
... Removed 24 stack frames
</div> <!-- stack-trace -->
                </div> <!-- method-content -->
              </div> <!-- method -->
            </div> <!-- main-panel-content rounded-window-bottom -->
          </div> <!-- suite-Regression-class-skipped -->
          <div class="suite-Regression-class-skipped">
            <div class="main-panel-header rounded-window-top">
              <img src="skipped.png"/>
              <span class="class-name">in.v2solutions.hybrid.testcases.HLT_39_Verify_CreateNewSubJobTransfer</span>
            </div> <!-- main-panel-header rounded-window-top -->
            <div class="main-panel-content rounded-window-bottom">
              <div class="method">
                <div class="method-content">
                  <a name="verify_CreateNewSubJobTransfer({RunMode=Y})">
                  </a> <!-- verify_CreateNewSubJobTransfer({RunMode=Y}) -->
                  <span class="method-name">verify_CreateNewSubJobTransfer</span>
                  <span class="parameters">({RunMode=Y})</span>
                  <div class="stack-trace">org.testng.SkipException: This Test Script is Skipped as it&apos;s RunMode is Marked as NO
	at in.v2solutions.hybrid.testcases.HLT_39_Verify_CreateNewSubJobTransfer.verify_CreateNewSubJobTransfer(HLT_39_Verify_CreateNewSubJobTransfer.java:52)
... Removed 24 stack frames
</div> <!-- stack-trace -->
                </div> <!-- method-content -->
              </div> <!-- method -->
            </div> <!-- main-panel-content rounded-window-bottom -->
          </div> <!-- suite-Regression-class-skipped -->
          <div class="suite-Regression-class-skipped">
            <div class="main-panel-header rounded-window-top">
              <img src="skipped.png"/>
              <span class="class-name">in.v2solutions.hybrid.testcases.HLT_03_Verify_AddViewEditSearchAndDeleteFunctionalitiesForUserGroups</span>
            </div> <!-- main-panel-header rounded-window-top -->
            <div class="main-panel-content rounded-window-bottom">
              <div class="method">
                <div class="method-content">
                  <a name="verify_AddViewEditSearchAndDeleteFunctionalitiesForUserGroups({RunMode=Y})">
                  </a> <!-- verify_AddViewEditSearchAndDeleteFunctionalitiesForUserGroups({RunMode=Y}) -->
                  <span class="method-name">verify_AddViewEditSearchAndDeleteFunctionalitiesForUserGroups</span>
                  <span class="parameters">({RunMode=Y})</span>
                  <div class="stack-trace">org.testng.SkipException: This Test Script is Skipped as it&apos;s RunMode is Marked as NO
	at in.v2solutions.hybrid.testcases.HLT_03_Verify_AddViewEditSearchAndDeleteFunctionalitiesForUserGroups.verify_AddViewEditSearchAndDeleteFunctionalitiesForUserGroups(HLT_03_Verify_AddViewEditSearchAndDeleteFunctionalitiesForUserGroups.java:52)
... Removed 24 stack frames
</div> <!-- stack-trace -->
                </div> <!-- method-content -->
              </div> <!-- method -->
            </div> <!-- main-panel-content rounded-window-bottom -->
          </div> <!-- suite-Regression-class-skipped -->
          <div class="suite-Regression-class-skipped">
            <div class="main-panel-header rounded-window-top">
              <img src="skipped.png"/>
              <span class="class-name">in.v2solutions.hybrid.testcases.HLT_50_Verify_KeyCompatabilityWhileCreatingTransfer</span>
            </div> <!-- main-panel-header rounded-window-top -->
            <div class="main-panel-content rounded-window-bottom">
              <div class="method">
                <div class="method-content">
                  <a name="verify_KeyCompatabilityWhileCreatingTransfer({RunMode=Y})">
                  </a> <!-- verify_KeyCompatabilityWhileCreatingTransfer({RunMode=Y}) -->
                  <span class="method-name">verify_KeyCompatabilityWhileCreatingTransfer</span>
                  <span class="parameters">({RunMode=Y})</span>
                  <div class="stack-trace">org.testng.SkipException: This Test Script is Skipped as it&apos;s RunMode is Marked as NO
	at in.v2solutions.hybrid.testcases.HLT_50_Verify_KeyCompatabilityWhileCreatingTransfer.verify_KeyCompatabilityWhileCreatingTransfer(HLT_50_Verify_KeyCompatabilityWhileCreatingTransfer.java:52)
... Removed 24 stack frames
</div> <!-- stack-trace -->
                </div> <!-- method-content -->
              </div> <!-- method -->
            </div> <!-- main-panel-content rounded-window-bottom -->
          </div> <!-- suite-Regression-class-skipped -->
          <div class="suite-Regression-class-skipped">
            <div class="main-panel-header rounded-window-top">
              <img src="skipped.png"/>
              <span class="class-name">in.v2solutions.hybrid.testcases.HLT_15_Verify_AddExternalHostTransfer</span>
            </div> <!-- main-panel-header rounded-window-top -->
            <div class="main-panel-content rounded-window-bottom">
              <div class="method">
                <div class="method-content">
                  <a name="verify_AddExternalHostTransfer({RunMode=Y})">
                  </a> <!-- verify_AddExternalHostTransfer({RunMode=Y}) -->
                  <span class="method-name">verify_AddExternalHostTransfer</span>
                  <span class="parameters">({RunMode=Y})</span>
                  <div class="stack-trace">org.testng.SkipException: This Test Script is Skipped as it&apos;s RunMode is Marked as NO
	at in.v2solutions.hybrid.testcases.HLT_15_Verify_AddExternalHostTransfer.verify_AddExternalHostTransfer(HLT_15_Verify_AddExternalHostTransfer.java:52)
... Removed 24 stack frames
</div> <!-- stack-trace -->
                </div> <!-- method-content -->
              </div> <!-- method -->
            </div> <!-- main-panel-content rounded-window-bottom -->
          </div> <!-- suite-Regression-class-skipped -->
          <div class="suite-Regression-class-skipped">
            <div class="main-panel-header rounded-window-top">
              <img src="skipped.png"/>
              <span class="class-name">in.v2solutions.hybrid.testcases.HLT_38_Verify_ScheduleTransferUsingCronExpression</span>
            </div> <!-- main-panel-header rounded-window-top -->
            <div class="main-panel-content rounded-window-bottom">
              <div class="method">
                <div class="method-content">
                  <a name="verify_ScheduleTransferUsingCronExpression({RunMode=Y})">
                  </a> <!-- verify_ScheduleTransferUsingCronExpression({RunMode=Y}) -->
                  <span class="method-name">verify_ScheduleTransferUsingCronExpression</span>
                  <span class="parameters">({RunMode=Y})</span>
                  <div class="stack-trace">org.testng.SkipException: This Test Script is Skipped as it&apos;s RunMode is Marked as NO
	at in.v2solutions.hybrid.testcases.HLT_38_Verify_ScheduleTransferUsingCronExpression.verify_ScheduleTransferUsingCronExpression(HLT_38_Verify_ScheduleTransferUsingCronExpression.java:52)
... Removed 24 stack frames
</div> <!-- stack-trace -->
                </div> <!-- method-content -->
              </div> <!-- method -->
            </div> <!-- main-panel-content rounded-window-bottom -->
          </div> <!-- suite-Regression-class-skipped -->
          <div class="suite-Regression-class-skipped">
            <div class="main-panel-header rounded-window-top">
              <img src="skipped.png"/>
              <span class="class-name">in.v2solutions.hybrid.testcases.HLT_07_Verify_AddViewEditSearchAndDeleteFunctionalitiesForSystemStatusReports</span>
            </div> <!-- main-panel-header rounded-window-top -->
            <div class="main-panel-content rounded-window-bottom">
              <div class="method">
                <div class="method-content">
                  <a name="verify_AddViewEditSearchAndDeleteFunctionalitiesForSystemStatusReports({RunMode=Y})">
                  </a> <!-- verify_AddViewEditSearchAndDeleteFunctionalitiesForSystemStatusReports({RunMode=Y}) -->
                  <span class="method-name">verify_AddViewEditSearchAndDeleteFunctionalitiesForSystemStatusReports</span>
                  <span class="parameters">({RunMode=Y})</span>
                  <div class="stack-trace">org.testng.SkipException: This Test Script is Skipped as it&apos;s RunMode is Marked as NO
	at in.v2solutions.hybrid.testcases.HLT_07_Verify_AddViewEditSearchAndDeleteFunctionalitiesForSystemStatusReports.verify_AddViewEditSearchAndDeleteFunctionalitiesForSystemStatusReports(HLT_07_Verify_AddViewEditSearchAndDeleteFunctionalitiesForSystemStatusReports.java:52)
... Removed 24 stack frames
</div> <!-- stack-trace -->
                </div> <!-- method-content -->
              </div> <!-- method -->
            </div> <!-- main-panel-content rounded-window-bottom -->
          </div> <!-- suite-Regression-class-skipped -->
          <div class="suite-Regression-class-skipped">
            <div class="main-panel-header rounded-window-top">
              <img src="skipped.png"/>
              <span class="class-name">in.v2solutions.hybrid.testcases.HLT_51_Verify_CreateViewEditDeleteDataForApplicationsModule</span>
            </div> <!-- main-panel-header rounded-window-top -->
            <div class="main-panel-content rounded-window-bottom">
              <div class="method">
                <div class="method-content">
                  <a name="verify_CreateViewEditDeleteDataForApplicationsModule({RunMode=Y})">
                  </a> <!-- verify_CreateViewEditDeleteDataForApplicationsModule({RunMode=Y}) -->
                  <span class="method-name">verify_CreateViewEditDeleteDataForApplicationsModule</span>
                  <span class="parameters">({RunMode=Y})</span>
                  <div class="stack-trace">org.testng.SkipException: This Test Script is Skipped as it&apos;s RunMode is Marked as NO
	at in.v2solutions.hybrid.testcases.HLT_51_Verify_CreateViewEditDeleteDataForApplicationsModule.verify_CreateViewEditDeleteDataForApplicationsModule(HLT_51_Verify_CreateViewEditDeleteDataForApplicationsModule.java:52)
... Removed 24 stack frames
</div> <!-- stack-trace -->
                </div> <!-- method-content -->
              </div> <!-- method -->
            </div> <!-- main-panel-content rounded-window-bottom -->
          </div> <!-- suite-Regression-class-skipped -->
          <div class="suite-Regression-class-skipped">
            <div class="main-panel-header rounded-window-top">
              <img src="skipped.png"/>
              <span class="class-name">in.v2solutions.hybrid.testcases.HLT_08_Verify_AddViewEditSearchAndDeleteFunctionalitiesForUserReports</span>
            </div> <!-- main-panel-header rounded-window-top -->
            <div class="main-panel-content rounded-window-bottom">
              <div class="method">
                <div class="method-content">
                  <a name="verify_AddViewEditSearchAndDeleteFunctionalitiesForUserReports({RunMode=Y})">
                  </a> <!-- verify_AddViewEditSearchAndDeleteFunctionalitiesForUserReports({RunMode=Y}) -->
                  <span class="method-name">verify_AddViewEditSearchAndDeleteFunctionalitiesForUserReports</span>
                  <span class="parameters">({RunMode=Y})</span>
                  <div class="stack-trace">org.testng.SkipException: This Test Script is Skipped as it&apos;s RunMode is Marked as NO
	at in.v2solutions.hybrid.testcases.HLT_08_Verify_AddViewEditSearchAndDeleteFunctionalitiesForUserReports.verify_AddViewEditSearchAndDeleteFunctionalitiesForUserReports(HLT_08_Verify_AddViewEditSearchAndDeleteFunctionalitiesForUserReports.java:52)
... Removed 24 stack frames
</div> <!-- stack-trace -->
                </div> <!-- method-content -->
              </div> <!-- method -->
            </div> <!-- main-panel-content rounded-window-bottom -->
          </div> <!-- suite-Regression-class-skipped -->
          <div class="suite-Regression-class-skipped">
            <div class="main-panel-header rounded-window-top">
              <img src="skipped.png"/>
              <span class="class-name">in.v2solutions.hybrid.testcases.HLT_29_Verify_SFTPTransfer</span>
            </div> <!-- main-panel-header rounded-window-top -->
            <div class="main-panel-content rounded-window-bottom">
              <div class="method">
                <div class="method-content">
                  <a name="verify_SFTPTransfer({RunMode=Y})">
                  </a> <!-- verify_SFTPTransfer({RunMode=Y}) -->
                  <span class="method-name">verify_SFTPTransfer</span>
                  <span class="parameters">({RunMode=Y})</span>
                  <div class="stack-trace">org.testng.SkipException: This Test Script is Skipped as it&apos;s RunMode is Marked as NO
	at in.v2solutions.hybrid.testcases.HLT_29_Verify_SFTPTransfer.verify_SFTPTransfer(HLT_29_Verify_SFTPTransfer.java:52)
... Removed 24 stack frames
</div> <!-- stack-trace -->
                </div> <!-- method-content -->
              </div> <!-- method -->
            </div> <!-- main-panel-content rounded-window-bottom -->
          </div> <!-- suite-Regression-class-skipped -->
          <div class="suite-Regression-class-skipped">
            <div class="main-panel-header rounded-window-top">
              <img src="skipped.png"/>
              <span class="class-name">in.v2solutions.hybrid.testcases.HLT_23_Verify_ProductsLicenses</span>
            </div> <!-- main-panel-header rounded-window-top -->
            <div class="main-panel-content rounded-window-bottom">
              <div class="method">
                <div class="method-content">
                  <a name="verify_ProductsLicenses({RunMode=Y})">
                  </a> <!-- verify_ProductsLicenses({RunMode=Y}) -->
                  <span class="method-name">verify_ProductsLicenses</span>
                  <span class="parameters">({RunMode=Y})</span>
                  <div class="stack-trace">org.testng.SkipException: This Test Script is Skipped as it&apos;s RunMode is Marked as NO
	at in.v2solutions.hybrid.testcases.HLT_23_Verify_ProductsLicenses.verify_ProductsLicenses(HLT_23_Verify_ProductsLicenses.java:52)
... Removed 24 stack frames
</div> <!-- stack-trace -->
                </div> <!-- method-content -->
              </div> <!-- method -->
            </div> <!-- main-panel-content rounded-window-bottom -->
          </div> <!-- suite-Regression-class-skipped -->
          <div class="suite-Regression-class-skipped">
            <div class="main-panel-header rounded-window-top">
              <img src="skipped.png"/>
              <span class="class-name">in.v2solutions.hybrid.testcases.HLT_06_Verify_AddViewEditSearchAndDeleteFunctionalitiesForHostReports</span>
            </div> <!-- main-panel-header rounded-window-top -->
            <div class="main-panel-content rounded-window-bottom">
              <div class="method">
                <div class="method-content">
                  <a name="verify_AddViewEditSearchAndDeleteFunctionalitiesForHostReports({RunMode=Y})">
                  </a> <!-- verify_AddViewEditSearchAndDeleteFunctionalitiesForHostReports({RunMode=Y}) -->
                  <span class="method-name">verify_AddViewEditSearchAndDeleteFunctionalitiesForHostReports</span>
                  <span class="parameters">({RunMode=Y})</span>
                  <div class="stack-trace">org.testng.SkipException: This Test Script is Skipped as it&apos;s RunMode is Marked as NO
	at in.v2solutions.hybrid.testcases.HLT_06_Verify_AddViewEditSearchAndDeleteFunctionalitiesForHostReports.verify_AddViewEditSearchAndDeleteFunctionalitiesForHostReports(HLT_06_Verify_AddViewEditSearchAndDeleteFunctionalitiesForHostReports.java:52)
... Removed 24 stack frames
</div> <!-- stack-trace -->
                </div> <!-- method-content -->
              </div> <!-- method -->
            </div> <!-- main-panel-content rounded-window-bottom -->
          </div> <!-- suite-Regression-class-skipped -->
          <div class="suite-Regression-class-skipped">
            <div class="main-panel-header rounded-window-top">
              <img src="skipped.png"/>
              <span class="class-name">in.v2solutions.hybrid.testcases.HLT_00_Verify_TestData</span>
            </div> <!-- main-panel-header rounded-window-top -->
            <div class="main-panel-content rounded-window-bottom">
              <div class="method">
                <div class="method-content">
                  <a name="verify_TestData({RunMode=Y})">
                  </a> <!-- verify_TestData({RunMode=Y}) -->
                  <span class="method-name">verify_TestData</span>
                  <span class="parameters">({RunMode=Y})</span>
                  <div class="stack-trace">org.testng.SkipException: This Test Script is Skipped as it&apos;s RunMode is Marked as NO
	at in.v2solutions.hybrid.testcases.HLT_00_Verify_TestData.verify_TestData(HLT_00_Verify_TestData.java:52)
... Removed 24 stack frames
</div> <!-- stack-trace -->
                </div> <!-- method-content -->
              </div> <!-- method -->
            </div> <!-- main-panel-content rounded-window-bottom -->
          </div> <!-- suite-Regression-class-skipped -->
          <div class="suite-Regression-class-skipped">
            <div class="main-panel-header rounded-window-top">
              <img src="skipped.png"/>
              <span class="class-name">in.v2solutions.hybrid.testcases.HLT_32_Verify_GlobalSearchDeatilsTransferHistory</span>
            </div> <!-- main-panel-header rounded-window-top -->
            <div class="main-panel-content rounded-window-bottom">
              <div class="method">
                <div class="method-content">
                  <a name="verify_GlobalSearchDeatilsTransferHistory({RunMode=Y})">
                  </a> <!-- verify_GlobalSearchDeatilsTransferHistory({RunMode=Y}) -->
                  <span class="method-name">verify_GlobalSearchDeatilsTransferHistory</span>
                  <span class="parameters">({RunMode=Y})</span>
                  <div class="stack-trace">org.testng.SkipException: This Test Script is Skipped as it&apos;s RunMode is Marked as NO
	at in.v2solutions.hybrid.testcases.HLT_32_Verify_GlobalSearchDeatilsTransferHistory.verify_GlobalSearchDeatilsTransferHistory(HLT_32_Verify_GlobalSearchDeatilsTransferHistory.java:52)
... Removed 24 stack frames
</div> <!-- stack-trace -->
                </div> <!-- method-content -->
              </div> <!-- method -->
            </div> <!-- main-panel-content rounded-window-bottom -->
          </div> <!-- suite-Regression-class-skipped -->
          <div class="suite-Regression-class-skipped">
            <div class="main-panel-header rounded-window-top">
              <img src="skipped.png"/>
              <span class="class-name">in.v2solutions.hybrid.testcases.HLT_11_Verify_ManageTransferActions</span>
            </div> <!-- main-panel-header rounded-window-top -->
            <div class="main-panel-content rounded-window-bottom">
              <div class="method">
                <div class="method-content">
                  <a name="verify_ManageTransferActions({RunMode=Y})">
                  </a> <!-- verify_ManageTransferActions({RunMode=Y}) -->
                  <span class="method-name">verify_ManageTransferActions</span>
                  <span class="parameters">({RunMode=Y})</span>
                  <div class="stack-trace">org.testng.SkipException: This Test Script is Skipped as it&apos;s RunMode is Marked as NO
	at in.v2solutions.hybrid.testcases.HLT_11_Verify_ManageTransferActions.verify_ManageTransferActions(HLT_11_Verify_ManageTransferActions.java:52)
... Removed 24 stack frames
</div> <!-- stack-trace -->
                </div> <!-- method-content -->
              </div> <!-- method -->
            </div> <!-- main-panel-content rounded-window-bottom -->
          </div> <!-- suite-Regression-class-skipped -->
          <div class="suite-Regression-class-skipped">
            <div class="main-panel-header rounded-window-top">
              <img src="skipped.png"/>
              <span class="class-name">in.v2solutions.hybrid.testcases.HLT_21_Verify_ScheduleTransfer</span>
            </div> <!-- main-panel-header rounded-window-top -->
            <div class="main-panel-content rounded-window-bottom">
              <div class="method">
                <div class="method-content">
                  <a name="verify_ScheduleTransfer({RunMode=Y})">
                  </a> <!-- verify_ScheduleTransfer({RunMode=Y}) -->
                  <span class="method-name">verify_ScheduleTransfer</span>
                  <span class="parameters">({RunMode=Y})</span>
                  <div class="stack-trace">org.testng.SkipException: This Test Script is Skipped as it&apos;s RunMode is Marked as NO
	at in.v2solutions.hybrid.testcases.HLT_21_Verify_ScheduleTransfer.verify_ScheduleTransfer(HLT_21_Verify_ScheduleTransfer.java:52)
... Removed 24 stack frames
</div> <!-- stack-trace -->
                </div> <!-- method-content -->
              </div> <!-- method -->
            </div> <!-- main-panel-content rounded-window-bottom -->
          </div> <!-- suite-Regression-class-skipped -->
          <div class="suite-Regression-class-skipped">
            <div class="main-panel-header rounded-window-top">
              <img src="skipped.png"/>
              <span class="class-name">in.v2solutions.hybrid.testcases.HLT_12_Verify_SearchDetails_ManageTransfers</span>
            </div> <!-- main-panel-header rounded-window-top -->
            <div class="main-panel-content rounded-window-bottom">
              <div class="method">
                <div class="method-content">
                  <a name="verify_SearchDetails_ManageTransfers({RunMode=Y})">
                  </a> <!-- verify_SearchDetails_ManageTransfers({RunMode=Y}) -->
                  <span class="method-name">verify_SearchDetails_ManageTransfers</span>
                  <span class="parameters">({RunMode=Y})</span>
                  <div class="stack-trace">org.testng.SkipException: This Test Script is Skipped as it&apos;s RunMode is Marked as NO
	at in.v2solutions.hybrid.testcases.HLT_12_Verify_SearchDetails_ManageTransfers.verify_SearchDetails_ManageTransfers(HLT_12_Verify_SearchDetails_ManageTransfers.java:52)
... Removed 24 stack frames
</div> <!-- stack-trace -->
                </div> <!-- method-content -->
              </div> <!-- method -->
            </div> <!-- main-panel-content rounded-window-bottom -->
          </div> <!-- suite-Regression-class-skipped -->
          <div class="suite-Regression-class-skipped">
            <div class="main-panel-header rounded-window-top">
              <img src="skipped.png"/>
              <span class="class-name">in.v2solutions.hybrid.testcases.HLT_05_Verify_AddViewEditSearchExportAndDeleteFunctionalitiesForTransferReports</span>
            </div> <!-- main-panel-header rounded-window-top -->
            <div class="main-panel-content rounded-window-bottom">
              <div class="method">
                <div class="method-content">
                  <a name="verify_AddViewEditSearchExportAndDeleteFunctionalitiesForTransferReports({RunMode=Y})">
                  </a> <!-- verify_AddViewEditSearchExportAndDeleteFunctionalitiesForTransferReports({RunMode=Y}) -->
                  <span class="method-name">verify_AddViewEditSearchExportAndDeleteFunctionalitiesForTransferReports</span>
                  <span class="parameters">({RunMode=Y})</span>
                  <div class="stack-trace">org.testng.SkipException: This Test Script is Skipped as it&apos;s RunMode is Marked as NO
	at in.v2solutions.hybrid.testcases.HLT_05_Verify_AddViewEditSearchExportAndDeleteFunctionalitiesForTransferReports.verify_AddViewEditSearchExportAndDeleteFunctionalitiesForTransferReports(HLT_05_Verify_AddViewEditSearchExportAndDeleteFunctionalitiesForTransferReports.java:52)
... Removed 24 stack frames
</div> <!-- stack-trace -->
                </div> <!-- method-content -->
              </div> <!-- method -->
            </div> <!-- main-panel-content rounded-window-bottom -->
          </div> <!-- suite-Regression-class-skipped -->
          <div class="suite-Regression-class-skipped">
            <div class="main-panel-header rounded-window-top">
              <img src="skipped.png"/>
              <span class="class-name">in.v2solutions.hybrid.testcases.HLT_37_Verify_AssignUnassignHostToExternalUserAndVerifyDeleteAction</span>
            </div> <!-- main-panel-header rounded-window-top -->
            <div class="main-panel-content rounded-window-bottom">
              <div class="method">
                <div class="method-content">
                  <a name="verify_AssignUnassignHostToExternalUserAnd({RunMode=Y})">
                  </a> <!-- verify_AssignUnassignHostToExternalUserAnd({RunMode=Y}) -->
                  <span class="method-name">verify_AssignUnassignHostToExternalUserAnd</span>
                  <span class="parameters">({RunMode=Y})</span>
                  <div class="stack-trace">org.testng.SkipException: This Test Script is Skipped as it&apos;s RunMode is Marked as NO
	at in.v2solutions.hybrid.testcases.HLT_37_Verify_AssignUnassignHostToExternalUserAndVerifyDeleteAction.verify_AssignUnassignHostToExternalUserAnd(HLT_37_Verify_AssignUnassignHostToExternalUserAndVerifyDeleteAction.java:52)
... Removed 24 stack frames
</div> <!-- stack-trace -->
                </div> <!-- method-content -->
              </div> <!-- method -->
            </div> <!-- main-panel-content rounded-window-bottom -->
          </div> <!-- suite-Regression-class-skipped -->
          <div class="suite-Regression-class-skipped">
            <div class="main-panel-header rounded-window-top">
              <img src="skipped.png"/>
              <span class="class-name">in.v2solutions.hybrid.testcases.HLT_17_Verify_AdministratorRolePermissions</span>
            </div> <!-- main-panel-header rounded-window-top -->
            <div class="main-panel-content rounded-window-bottom">
              <div class="method">
                <div class="method-content">
                  <a name="verify_AdministratorRolePermissions({RunMode=Y})">
                  </a> <!-- verify_AdministratorRolePermissions({RunMode=Y}) -->
                  <span class="method-name">verify_AdministratorRolePermissions</span>
                  <span class="parameters">({RunMode=Y})</span>
                  <div class="stack-trace">org.testng.SkipException: This Test Script is Skipped as it&apos;s RunMode is Marked as NO
	at in.v2solutions.hybrid.testcases.HLT_17_Verify_AdministratorRolePermissions.verify_AdministratorRolePermissions(HLT_17_Verify_AdministratorRolePermissions.java:52)
... Removed 24 stack frames
</div> <!-- stack-trace -->
                </div> <!-- method-content -->
              </div> <!-- method -->
            </div> <!-- main-panel-content rounded-window-bottom -->
          </div> <!-- suite-Regression-class-skipped -->
          <div class="suite-Regression-class-skipped">
            <div class="main-panel-header rounded-window-top">
              <img src="skipped.png"/>
              <span class="class-name">in.v2solutions.hybrid.testcases.HLT_28_Verify_SelectUnselectSFTPServeronHosts</span>
            </div> <!-- main-panel-header rounded-window-top -->
            <div class="main-panel-content rounded-window-bottom">
              <div class="method">
                <div class="method-content">
                  <a name="verify_SelectUnselectSFTPServeronHosts({RunMode=Y})">
                  </a> <!-- verify_SelectUnselectSFTPServeronHosts({RunMode=Y}) -->
                  <span class="method-name">verify_SelectUnselectSFTPServeronHosts</span>
                  <span class="parameters">({RunMode=Y})</span>
                  <div class="stack-trace">org.testng.SkipException: This Test Script is Skipped as it&apos;s RunMode is Marked as NO
	at in.v2solutions.hybrid.testcases.HLT_28_Verify_SelectUnselectSFTPServeronHosts.verify_SelectUnselectSFTPServeronHosts(HLT_28_Verify_SelectUnselectSFTPServeronHosts.java:52)
... Removed 24 stack frames
</div> <!-- stack-trace -->
                </div> <!-- method-content -->
              </div> <!-- method -->
            </div> <!-- main-panel-content rounded-window-bottom -->
          </div> <!-- suite-Regression-class-skipped -->
          <div class="suite-Regression-class-skipped">
            <div class="main-panel-header rounded-window-top">
              <img src="skipped.png"/>
              <span class="class-name">in.v2solutions.hybrid.testcases.HLT_46_Verify_CreateNewTransferWithFTPSProtocolAndItsActions</span>
            </div> <!-- main-panel-header rounded-window-top -->
            <div class="main-panel-content rounded-window-bottom">
              <div class="method">
                <div class="method-content">
                  <a name="verify_CreateNewTransferWithFTPSProtocolAndItsActions({RunMode=Y})">
                  </a> <!-- verify_CreateNewTransferWithFTPSProtocolAndItsActions({RunMode=Y}) -->
                  <span class="method-name">verify_CreateNewTransferWithFTPSProtocolAndItsActions</span>
                  <span class="parameters">({RunMode=Y})</span>
                  <div class="stack-trace">org.testng.SkipException: This Test Script is Skipped as it&apos;s RunMode is Marked as NO
	at in.v2solutions.hybrid.testcases.HLT_46_Verify_CreateNewTransferWithFTPSProtocolAndItsActions.verify_CreateNewTransferWithFTPSProtocolAndItsActions(HLT_46_Verify_CreateNewTransferWithFTPSProtocolAndItsActions.java:52)
... Removed 24 stack frames
</div> <!-- stack-trace -->
                </div> <!-- method-content -->
              </div> <!-- method -->
            </div> <!-- main-panel-content rounded-window-bottom -->
          </div> <!-- suite-Regression-class-skipped -->
          <div class="suite-Regression-class-skipped">
            <div class="main-panel-header rounded-window-top">
              <img src="skipped.png"/>
              <span class="class-name">in.v2solutions.hybrid.testcases.HLT_16_Verify_SearchOperationForDatabaseListAndArchiveLogs</span>
            </div> <!-- main-panel-header rounded-window-top -->
            <div class="main-panel-content rounded-window-bottom">
              <div class="method">
                <div class="method-content">
                  <a name="verify_SearchOperationForDatabaseListAndArchiveLogs({RunMode=Y})">
                  </a> <!-- verify_SearchOperationForDatabaseListAndArchiveLogs({RunMode=Y}) -->
                  <span class="method-name">verify_SearchOperationForDatabaseListAndArchiveLogs</span>
                  <span class="parameters">({RunMode=Y})</span>
                  <div class="stack-trace">org.testng.SkipException: This Test Script is Skipped as it&apos;s RunMode is Marked as NO
	at in.v2solutions.hybrid.testcases.HLT_16_Verify_SearchOperationForDatabaseListAndArchiveLogs.verify_SearchOperationForDatabaseListAndArchiveLogs(HLT_16_Verify_SearchOperationForDatabaseListAndArchiveLogs.java:52)
... Removed 24 stack frames
</div> <!-- stack-trace -->
                </div> <!-- method-content -->
              </div> <!-- method -->
            </div> <!-- main-panel-content rounded-window-bottom -->
          </div> <!-- suite-Regression-class-skipped -->
          <div class="suite-Regression-class-skipped">
            <div class="main-panel-header rounded-window-top">
              <img src="skipped.png"/>
              <span class="class-name">in.v2solutions.hybrid.testcases.HLT_02_Verify_AddViewEditSearchAndDeleteFunctionalitiesForCredentials</span>
            </div> <!-- main-panel-header rounded-window-top -->
            <div class="main-panel-content rounded-window-bottom">
              <div class="method">
                <div class="method-content">
                  <a name="verify_AddViewEditSearchAndDeleteFunctionalitiesForCredentials({RunMode=Y})">
                  </a> <!-- verify_AddViewEditSearchAndDeleteFunctionalitiesForCredentials({RunMode=Y}) -->
                  <span class="method-name">verify_AddViewEditSearchAndDeleteFunctionalitiesForCredentials</span>
                  <span class="parameters">({RunMode=Y})</span>
                  <div class="stack-trace">org.testng.SkipException: This Test Script is Skipped as it&apos;s RunMode is Marked as NO
	at in.v2solutions.hybrid.testcases.HLT_02_Verify_AddViewEditSearchAndDeleteFunctionalitiesForCredentials.verify_AddViewEditSearchAndDeleteFunctionalitiesForCredentials(HLT_02_Verify_AddViewEditSearchAndDeleteFunctionalitiesForCredentials.java:52)
... Removed 24 stack frames
</div> <!-- stack-trace -->
                </div> <!-- method-content -->
              </div> <!-- method -->
            </div> <!-- main-panel-content rounded-window-bottom -->
          </div> <!-- suite-Regression-class-skipped -->
          <div class="suite-Regression-class-skipped">
            <div class="main-panel-header rounded-window-top">
              <img src="skipped.png"/>
              <span class="class-name">in.v2solutions.hybrid.testcases.HLT_42_Verify_KnowledgeBaseContactUsURLs</span>
            </div> <!-- main-panel-header rounded-window-top -->
            <div class="main-panel-content rounded-window-bottom">
              <div class="method">
                <div class="method-content">
                  <a name="verify_KnowledgeBaseContactUsURLs({RunMode=Y})">
                  </a> <!-- verify_KnowledgeBaseContactUsURLs({RunMode=Y}) -->
                  <span class="method-name">verify_KnowledgeBaseContactUsURLs</span>
                  <span class="parameters">({RunMode=Y})</span>
                  <div class="stack-trace">org.testng.SkipException: This Test Script is Skipped as it&apos;s RunMode is Marked as NO
	at in.v2solutions.hybrid.testcases.HLT_42_Verify_KnowledgeBaseContactUsURLs.verify_KnowledgeBaseContactUsURLs(HLT_42_Verify_KnowledgeBaseContactUsURLs.java:52)
... Removed 24 stack frames
</div> <!-- stack-trace -->
                </div> <!-- method-content -->
              </div> <!-- method -->
            </div> <!-- main-panel-content rounded-window-bottom -->
          </div> <!-- suite-Regression-class-skipped -->
          <div class="suite-Regression-class-skipped">
            <div class="main-panel-header rounded-window-top">
              <img src="skipped.png"/>
              <span class="class-name">in.v2solutions.hybrid.testcases.HLT_43_Verify_ScheduleSubJobTransfer</span>
            </div> <!-- main-panel-header rounded-window-top -->
            <div class="main-panel-content rounded-window-bottom">
              <div class="method">
                <div class="method-content">
                  <a name="verify_ScheduleSubJobTransfer({RunMode=Y})">
                  </a> <!-- verify_ScheduleSubJobTransfer({RunMode=Y}) -->
                  <span class="method-name">verify_ScheduleSubJobTransfer</span>
                  <span class="parameters">({RunMode=Y})</span>
                  <div class="stack-trace">org.testng.SkipException: This Test Script is Skipped as it&apos;s RunMode is Marked as NO
	at in.v2solutions.hybrid.testcases.HLT_43_Verify_ScheduleSubJobTransfer.verify_ScheduleSubJobTransfer(HLT_43_Verify_ScheduleSubJobTransfer.java:52)
... Removed 24 stack frames
</div> <!-- stack-trace -->
                </div> <!-- method-content -->
              </div> <!-- method -->
            </div> <!-- main-panel-content rounded-window-bottom -->
          </div> <!-- suite-Regression-class-skipped -->
          <div class="suite-Regression-class-skipped">
            <div class="main-panel-header rounded-window-top">
              <img src="skipped.png"/>
              <span class="class-name">in.v2solutions.hybrid.testcases.HLT_34_Verify_SearchFunctionalityWorksForUserActions</span>
            </div> <!-- main-panel-header rounded-window-top -->
            <div class="main-panel-content rounded-window-bottom">
              <div class="method">
                <div class="method-content">
                  <a name="verify_SearchFunctionalityWorksForUserActions({RunMode=Y})">
                  </a> <!-- verify_SearchFunctionalityWorksForUserActions({RunMode=Y}) -->
                  <span class="method-name">verify_SearchFunctionalityWorksForUserActions</span>
                  <span class="parameters">({RunMode=Y})</span>
                  <div class="stack-trace">org.testng.SkipException: This Test Script is Skipped as it&apos;s RunMode is Marked as NO
	at in.v2solutions.hybrid.testcases.HLT_34_Verify_SearchFunctionalityWorksForUserActions.verify_SearchFunctionalityWorksForUserActions(HLT_34_Verify_SearchFunctionalityWorksForUserActions.java:52)
... Removed 24 stack frames
</div> <!-- stack-trace -->
                </div> <!-- method-content -->
              </div> <!-- method -->
            </div> <!-- main-panel-content rounded-window-bottom -->
          </div> <!-- suite-Regression-class-skipped -->
          <div class="suite-Regression-class-skipped">
            <div class="main-panel-header rounded-window-top">
              <img src="skipped.png"/>
              <span class="class-name">in.v2solutions.hybrid.testcases.HLT_22_Verify_ProfileActions</span>
            </div> <!-- main-panel-header rounded-window-top -->
            <div class="main-panel-content rounded-window-bottom">
              <div class="method">
                <div class="method-content">
                  <a name="verify_ProfileActions({RunMode=Y})">
                  </a> <!-- verify_ProfileActions({RunMode=Y}) -->
                  <span class="method-name">verify_ProfileActions</span>
                  <span class="parameters">({RunMode=Y})</span>
                  <div class="stack-trace">org.testng.SkipException: This Test Script is Skipped as it&apos;s RunMode is Marked as NO
	at in.v2solutions.hybrid.testcases.HLT_22_Verify_ProfileActions.verify_ProfileActions(HLT_22_Verify_ProfileActions.java:52)
... Removed 24 stack frames
</div> <!-- stack-trace -->
                </div> <!-- method-content -->
              </div> <!-- method -->
            </div> <!-- main-panel-content rounded-window-bottom -->
          </div> <!-- suite-Regression-class-skipped -->
          <div class="suite-Regression-class-skipped">
            <div class="main-panel-header rounded-window-top">
              <img src="skipped.png"/>
              <span class="class-name">in.v2solutions.hybrid.testcases.HLT_19_Verify_SuperuserRolePermissions</span>
            </div> <!-- main-panel-header rounded-window-top -->
            <div class="main-panel-content rounded-window-bottom">
              <div class="method">
                <div class="method-content">
                  <a name="verify_SuperuserRolePermissions({RunMode=Y})">
                  </a> <!-- verify_SuperuserRolePermissions({RunMode=Y}) -->
                  <span class="method-name">verify_SuperuserRolePermissions</span>
                  <span class="parameters">({RunMode=Y})</span>
                  <div class="stack-trace">org.testng.SkipException: This Test Script is Skipped as it&apos;s RunMode is Marked as NO
	at in.v2solutions.hybrid.testcases.HLT_19_Verify_SuperuserRolePermissions.verify_SuperuserRolePermissions(HLT_19_Verify_SuperuserRolePermissions.java:52)
... Removed 24 stack frames
</div> <!-- stack-trace -->
                </div> <!-- method-content -->
              </div> <!-- method -->
            </div> <!-- main-panel-content rounded-window-bottom -->
          </div> <!-- suite-Regression-class-skipped -->
          <div class="suite-Regression-class-skipped">
            <div class="main-panel-header rounded-window-top">
              <img src="skipped.png"/>
              <span class="class-name">in.v2solutions.hybrid.testcases.HLT_04_Verify_HostActionsFunctionality</span>
            </div> <!-- main-panel-header rounded-window-top -->
            <div class="main-panel-content rounded-window-bottom">
              <div class="method">
                <div class="method-content">
                  <a name="verify_HostActionsFunctionality({RunMode=Y})">
                  </a> <!-- verify_HostActionsFunctionality({RunMode=Y}) -->
                  <span class="method-name">verify_HostActionsFunctionality</span>
                  <span class="parameters">({RunMode=Y})</span>
                  <div class="stack-trace">org.testng.SkipException: This Test Script is Skipped as it&apos;s RunMode is Marked as NO
	at in.v2solutions.hybrid.testcases.HLT_04_Verify_HostActionsFunctionality.verify_HostActionsFunctionality(HLT_04_Verify_HostActionsFunctionality.java:52)
... Removed 24 stack frames
</div> <!-- stack-trace -->
                </div> <!-- method-content -->
              </div> <!-- method -->
            </div> <!-- main-panel-content rounded-window-bottom -->
          </div> <!-- suite-Regression-class-skipped -->
          <div class="suite-Regression-class-skipped">
            <div class="main-panel-header rounded-window-top">
              <img src="skipped.png"/>
              <span class="class-name">in.v2solutions.hybrid.testcases.HLT_41_Verify_SubJobTransferActions</span>
            </div> <!-- main-panel-header rounded-window-top -->
            <div class="main-panel-content rounded-window-bottom">
              <div class="method">
                <div class="method-content">
                  <a name="verify_SubJobTransferActions({RunMode=Y})">
                  </a> <!-- verify_SubJobTransferActions({RunMode=Y}) -->
                  <span class="method-name">verify_SubJobTransferActions</span>
                  <span class="parameters">({RunMode=Y})</span>
                  <div class="stack-trace">org.testng.SkipException: This Test Script is Skipped as it&apos;s RunMode is Marked as NO
	at in.v2solutions.hybrid.testcases.HLT_41_Verify_SubJobTransferActions.verify_SubJobTransferActions(HLT_41_Verify_SubJobTransferActions.java:52)
... Removed 24 stack frames
</div> <!-- stack-trace -->
                </div> <!-- method-content -->
              </div> <!-- method -->
            </div> <!-- main-panel-content rounded-window-bottom -->
          </div> <!-- suite-Regression-class-skipped -->
          <div class="suite-Regression-class-skipped">
            <div class="main-panel-header rounded-window-top">
              <img src="skipped.png"/>
              <span class="class-name">in.v2solutions.hybrid.testcases.HLT_33_Verify_MetaDatafileForTransfers</span>
            </div> <!-- main-panel-header rounded-window-top -->
            <div class="main-panel-content rounded-window-bottom">
              <div class="method">
                <div class="method-content">
                  <a name="verify_MetaDatafileForTransfers({RunMode=Y})">
                  </a> <!-- verify_MetaDatafileForTransfers({RunMode=Y}) -->
                  <span class="method-name">verify_MetaDatafileForTransfers</span>
                  <span class="parameters">({RunMode=Y})</span>
                  <div class="stack-trace">org.testng.SkipException: This Test Script is Skipped as it&apos;s RunMode is Marked as NO
	at in.v2solutions.hybrid.testcases.HLT_33_Verify_MetaDatafileForTransfers.verify_MetaDatafileForTransfers(HLT_33_Verify_MetaDatafileForTransfers.java:52)
... Removed 24 stack frames
</div> <!-- stack-trace -->
                </div> <!-- method-content -->
              </div> <!-- method -->
            </div> <!-- main-panel-content rounded-window-bottom -->
          </div> <!-- suite-Regression-class-skipped -->
          <div class="suite-Regression-class-skipped">
            <div class="main-panel-header rounded-window-top">
              <img src="skipped.png"/>
              <span class="class-name">in.v2solutions.hybrid.testcases.HLT_01_Verify_AddViewEditSearchAndDeleteFunctionalitiesForNewUser</span>
            </div> <!-- main-panel-header rounded-window-top -->
            <div class="main-panel-content rounded-window-bottom">
              <div class="method">
                <div class="method-content">
                  <a name="verify_AddViewEditSearchAndDeleteFunctionalitiesForNewUser({RunMode=Y})">
                  </a> <!-- verify_AddViewEditSearchAndDeleteFunctionalitiesForNewUser({RunMode=Y}) -->
                  <span class="method-name">verify_AddViewEditSearchAndDeleteFunctionalitiesForNewUser</span>
                  <span class="parameters">({RunMode=Y})</span>
                  <div class="stack-trace">org.testng.SkipException: This Test Script is Skipped as it&apos;s RunMode is Marked as NO
	at in.v2solutions.hybrid.testcases.HLT_01_Verify_AddViewEditSearchAndDeleteFunctionalitiesForNewUser.verify_AddViewEditSearchAndDeleteFunctionalitiesForNewUser(HLT_01_Verify_AddViewEditSearchAndDeleteFunctionalitiesForNewUser.java:52)
... Removed 24 stack frames
</div> <!-- stack-trace -->
                </div> <!-- method-content -->
              </div> <!-- method -->
            </div> <!-- main-panel-content rounded-window-bottom -->
          </div> <!-- suite-Regression-class-skipped -->
          <div class="suite-Regression-class-skipped">
            <div class="main-panel-header rounded-window-top">
              <img src="skipped.png"/>
              <span class="class-name">in.v2solutions.hybrid.testcases.HLT_18_Verify_UserRolePermissions</span>
            </div> <!-- main-panel-header rounded-window-top -->
            <div class="main-panel-content rounded-window-bottom">
              <div class="method">
                <div class="method-content">
                  <a name="verify_UserRolePermissions({RunMode=Y})">
                  </a> <!-- verify_UserRolePermissions({RunMode=Y}) -->
                  <span class="method-name">verify_UserRolePermissions</span>
                  <span class="parameters">({RunMode=Y})</span>
                  <div class="stack-trace">org.testng.SkipException: This Test Script is Skipped as it&apos;s RunMode is Marked as NO
	at in.v2solutions.hybrid.testcases.HLT_18_Verify_UserRolePermissions.verify_UserRolePermissions(HLT_18_Verify_UserRolePermissions.java:52)
... Removed 24 stack frames
</div> <!-- stack-trace -->
                </div> <!-- method-content -->
              </div> <!-- method -->
            </div> <!-- main-panel-content rounded-window-bottom -->
          </div> <!-- suite-Regression-class-skipped -->
          <div class="suite-Regression-class-skipped">
            <div class="main-panel-header rounded-window-top">
              <img src="skipped.png"/>
              <span class="class-name">in.v2solutions.hybrid.testcases.HLT_45_Verify_CreateSubJobWithEngineAndVerifyTransferLogs</span>
            </div> <!-- main-panel-header rounded-window-top -->
            <div class="main-panel-content rounded-window-bottom">
              <div class="method">
                <div class="method-content">
                  <a name="verify_CreateSubJobWithEngineAnd({RunMode=Y})">
                  </a> <!-- verify_CreateSubJobWithEngineAnd({RunMode=Y}) -->
                  <span class="method-name">verify_CreateSubJobWithEngineAnd</span>
                  <span class="parameters">({RunMode=Y})</span>
                  <div class="stack-trace">org.testng.SkipException: This Test Script is Skipped as it&apos;s RunMode is Marked as NO
	at in.v2solutions.hybrid.testcases.HLT_45_Verify_CreateSubJobWithEngineAndVerifyTransferLogs.verify_CreateSubJobWithEngineAnd(HLT_45_Verify_CreateSubJobWithEngineAndVerifyTransferLogs.java:52)
... Removed 24 stack frames
</div> <!-- stack-trace -->
                </div> <!-- method-content -->
              </div> <!-- method -->
            </div> <!-- main-panel-content rounded-window-bottom -->
          </div> <!-- suite-Regression-class-skipped -->
          <div class="suite-Regression-class-skipped">
            <div class="main-panel-header rounded-window-top">
              <img src="skipped.png"/>
              <span class="class-name">in.v2solutions.hybrid.testcases.HLT_35_Verify_CaptureUserActions</span>
            </div> <!-- main-panel-header rounded-window-top -->
            <div class="main-panel-content rounded-window-bottom">
              <div class="method">
                <div class="method-content">
                  <a name="verify_CaptureUserActions({RunMode=Y})">
                  </a> <!-- verify_CaptureUserActions({RunMode=Y}) -->
                  <span class="method-name">verify_CaptureUserActions</span>
                  <span class="parameters">({RunMode=Y})</span>
                  <div class="stack-trace">org.testng.SkipException: This Test Script is Skipped as it&apos;s RunMode is Marked as NO
	at in.v2solutions.hybrid.testcases.HLT_35_Verify_CaptureUserActions.verify_CaptureUserActions(HLT_35_Verify_CaptureUserActions.java:52)
... Removed 24 stack frames
</div> <!-- stack-trace -->
                </div> <!-- method-content -->
              </div> <!-- method -->
            </div> <!-- main-panel-content rounded-window-bottom -->
          </div> <!-- suite-Regression-class-skipped -->
          <div class="suite-Regression-class-skipped">
            <div class="main-panel-header rounded-window-top">
              <img src="skipped.png"/>
              <span class="class-name">in.v2solutions.hybrid.testcases.HLT_47_Verify_CreateMultipleSubjobsAndVerifyStatus</span>
            </div> <!-- main-panel-header rounded-window-top -->
            <div class="main-panel-content rounded-window-bottom">
              <div class="method">
                <div class="method-content">
                  <a name="verify_CreateMultipleSubjobsAnd({RunMode=Y})">
                  </a> <!-- verify_CreateMultipleSubjobsAnd({RunMode=Y}) -->
                  <span class="method-name">verify_CreateMultipleSubjobsAnd</span>
                  <span class="parameters">({RunMode=Y})</span>
                  <div class="stack-trace">org.testng.SkipException: This Test Script is Skipped as it&apos;s RunMode is Marked as NO
	at in.v2solutions.hybrid.testcases.HLT_47_Verify_CreateMultipleSubjobsAndVerifyStatus.verify_CreateMultipleSubjobsAnd(HLT_47_Verify_CreateMultipleSubjobsAndVerifyStatus.java:52)
... Removed 24 stack frames
</div> <!-- stack-trace -->
                </div> <!-- method-content -->
              </div> <!-- method -->
            </div> <!-- main-panel-content rounded-window-bottom -->
          </div> <!-- suite-Regression-class-skipped -->
          <div class="suite-Regression-class-skipped">
            <div class="main-panel-header rounded-window-top">
              <img src="skipped.png"/>
              <span class="class-name">in.v2solutions.hybrid.testcases.HLT_31_Verify_ProductsLicensesInsatllations</span>
            </div> <!-- main-panel-header rounded-window-top -->
            <div class="main-panel-content rounded-window-bottom">
              <div class="method">
                <div class="method-content">
                  <a name="verify_ProductsLicensesInsatllations({RunMode=Y})">
                  </a> <!-- verify_ProductsLicensesInsatllations({RunMode=Y}) -->
                  <span class="method-name">verify_ProductsLicensesInsatllations</span>
                  <span class="parameters">({RunMode=Y})</span>
                  <div class="stack-trace">org.testng.SkipException: This Test Script is Skipped as it&apos;s RunMode is Marked as NO
	at in.v2solutions.hybrid.testcases.HLT_31_Verify_ProductsLicensesInsatllations.verify_ProductsLicensesInsatllations(HLT_31_Verify_ProductsLicensesInsatllations.java:52)
... Removed 24 stack frames
</div> <!-- stack-trace -->
                </div> <!-- method-content -->
              </div> <!-- method -->
            </div> <!-- main-panel-content rounded-window-bottom -->
          </div> <!-- suite-Regression-class-skipped -->
          <div class="suite-Regression-class-passed">
            <div class="main-panel-header rounded-window-top">
              <img src="passed.png"/>
              <span class="class-name">in.v2solutions.hybrid.testcases.HLT_09_Verify_SearchDetails_TransferHistory</span>
            </div> <!-- main-panel-header rounded-window-top -->
            <div class="main-panel-content rounded-window-bottom">
              <div class="method">
                <div class="method-content">
                  <a name="verify_SearchDetails_TransferHistory({RunMode=Y})">
                  </a> <!-- verify_SearchDetails_TransferHistory({RunMode=Y}) -->
                  <span class="method-name">verify_SearchDetails_TransferHistory</span>
                  <span class="parameters">({RunMode=Y})</span>
                </div> <!-- method-content -->
              </div> <!-- method -->
            </div> <!-- main-panel-content rounded-window-bottom -->
          </div> <!-- suite-Regression-class-passed -->
        </div> <!-- panel Regression -->
        <div panel-name="test-xml-Regression" class="panel">
          <div class="main-panel-header rounded-window-top">
            <span class="header-content">C:\V2AutoWH\testng.xml</span>
          </div> <!-- main-panel-header rounded-window-top -->
          <div class="main-panel-content rounded-window-bottom">
            <pre>
&lt;?xml version=&quot;1.0&quot; encoding=&quot;UTF-8&quot;?&gt;
&lt;!DOCTYPE suite SYSTEM &quot;http://testng.org/testng-1.0.dtd&quot;&gt;
&lt;suite guice-stage=&quot;DEVELOPMENT&quot; name=&quot;Regression&quot;&gt;
  &lt;parameter name=&quot;Suite-Name&quot; value=&quot;HULFT_bulid5667--All_Regression&quot;/&gt;
  &lt;test name=&quot;HLT_00_Verify_TestData&quot;&gt;
    &lt;classes&gt;
      &lt;class name=&quot;in.v2solutions.hybrid.testcases.HLT_00_Verify_TestData&quot;/&gt;
    &lt;/classes&gt;
  &lt;/test&gt; &lt;!-- HLT_00_Verify_TestData --&gt;
  &lt;test name=&quot;HLT_01_Verify_AddViewEditSearchAndDeleteFunctionalitiesForNewUser&quot;&gt;
    &lt;classes&gt;
      &lt;class name=&quot;in.v2solutions.hybrid.testcases.HLT_01_Verify_AddViewEditSearchAndDeleteFunctionalitiesForNewUser&quot;/&gt;
    &lt;/classes&gt;
  &lt;/test&gt; &lt;!-- HLT_01_Verify_AddViewEditSearchAndDeleteFunctionalitiesForNewUser --&gt;
  &lt;test name=&quot;HLT_02_Verify_AddViewEditSearchAndDeleteFunctionalitiesForCredentials&quot;&gt;
    &lt;classes&gt;
      &lt;class name=&quot;in.v2solutions.hybrid.testcases.HLT_02_Verify_AddViewEditSearchAndDeleteFunctionalitiesForCredentials&quot;/&gt;
    &lt;/classes&gt;
  &lt;/test&gt; &lt;!-- HLT_02_Verify_AddViewEditSearchAndDeleteFunctionalitiesForCredentials --&gt;
  &lt;test name=&quot;HLT_03_Verify_AddViewEditSearchAndDeleteFunctionalitiesForUserGroups&quot;&gt;
    &lt;classes&gt;
      &lt;class name=&quot;in.v2solutions.hybrid.testcases.HLT_03_Verify_AddViewEditSearchAndDeleteFunctionalitiesForUserGroups&quot;/&gt;
    &lt;/classes&gt;
  &lt;/test&gt; &lt;!-- HLT_03_Verify_AddViewEditSearchAndDeleteFunctionalitiesForUserGroups --&gt;
  &lt;test name=&quot;HLT_04_Verify_HostActionsFunctionality&quot;&gt;
    &lt;classes&gt;
      &lt;class name=&quot;in.v2solutions.hybrid.testcases.HLT_04_Verify_HostActionsFunctionality&quot;/&gt;
    &lt;/classes&gt;
  &lt;/test&gt; &lt;!-- HLT_04_Verify_HostActionsFunctionality --&gt;
  &lt;test name=&quot;HLT_05_Verify_AddViewEditSearchExportAndDeleteFunctionalitiesForTransferReports&quot;&gt;
    &lt;classes&gt;
      &lt;class name=&quot;in.v2solutions.hybrid.testcases.HLT_05_Verify_AddViewEditSearchExportAndDeleteFunctionalitiesForTransferReports&quot;/&gt;
    &lt;/classes&gt;
  &lt;/test&gt; &lt;!-- HLT_05_Verify_AddViewEditSearchExportAndDeleteFunctionalitiesForTransferReports --&gt;
  &lt;test name=&quot;HLT_06_Verify_AddViewEditSearchAndDeleteFunctionalitiesForHostReports&quot;&gt;
    &lt;classes&gt;
      &lt;class name=&quot;in.v2solutions.hybrid.testcases.HLT_06_Verify_AddViewEditSearchAndDeleteFunctionalitiesForHostReports&quot;/&gt;
    &lt;/classes&gt;
  &lt;/test&gt; &lt;!-- HLT_06_Verify_AddViewEditSearchAndDeleteFunctionalitiesForHostReports --&gt;
  &lt;test name=&quot;HLT_07_Verify_AddViewEditSearchAndDeleteFunctionalitiesForSystemStatusReports&quot;&gt;
    &lt;classes&gt;
      &lt;class name=&quot;in.v2solutions.hybrid.testcases.HLT_07_Verify_AddViewEditSearchAndDeleteFunctionalitiesForSystemStatusReports&quot;/&gt;
    &lt;/classes&gt;
  &lt;/test&gt; &lt;!-- HLT_07_Verify_AddViewEditSearchAndDeleteFunctionalitiesForSystemStatusReports --&gt;
  &lt;test name=&quot;HLT_08_Verify_AddViewEditSearchAndDeleteFunctionalitiesForUserReports&quot;&gt;
    &lt;classes&gt;
      &lt;class name=&quot;in.v2solutions.hybrid.testcases.HLT_08_Verify_AddViewEditSearchAndDeleteFunctionalitiesForUserReports&quot;/&gt;
    &lt;/classes&gt;
  &lt;/test&gt; &lt;!-- HLT_08_Verify_AddViewEditSearchAndDeleteFunctionalitiesForUserReports --&gt;
  &lt;test name=&quot;HLT_09_Verify_SearchDetails_TransferHistory&quot;&gt;
    &lt;classes&gt;
      &lt;class name=&quot;in.v2solutions.hybrid.testcases.HLT_09_Verify_SearchDetails_TransferHistory&quot;/&gt;
    &lt;/classes&gt;
  &lt;/test&gt; &lt;!-- HLT_09_Verify_SearchDetails_TransferHistory --&gt;
  &lt;test name=&quot;HLT_11_Verify_ManageTransferActions&quot;&gt;
    &lt;classes&gt;
      &lt;class name=&quot;in.v2solutions.hybrid.testcases.HLT_11_Verify_ManageTransferActions&quot;/&gt;
    &lt;/classes&gt;
  &lt;/test&gt; &lt;!-- HLT_11_Verify_ManageTransferActions --&gt;
  &lt;test name=&quot;HLT_12_Verify_SearchDetails_ManageTransfers&quot;&gt;
    &lt;classes&gt;
      &lt;class name=&quot;in.v2solutions.hybrid.testcases.HLT_12_Verify_SearchDetails_ManageTransfers&quot;/&gt;
    &lt;/classes&gt;
  &lt;/test&gt; &lt;!-- HLT_12_Verify_SearchDetails_ManageTransfers --&gt;
  &lt;test name=&quot;HLT_15_Verify_AddExternalHostTransfer&quot;&gt;
    &lt;classes&gt;
      &lt;class name=&quot;in.v2solutions.hybrid.testcases.HLT_15_Verify_AddExternalHostTransfer&quot;/&gt;
    &lt;/classes&gt;
  &lt;/test&gt; &lt;!-- HLT_15_Verify_AddExternalHostTransfer --&gt;
  &lt;test name=&quot;HLT_16_Verify_SearchOperationForDatabaseListAndArchiveLogs&quot;&gt;
    &lt;classes&gt;
      &lt;class name=&quot;in.v2solutions.hybrid.testcases.HLT_16_Verify_SearchOperationForDatabaseListAndArchiveLogs&quot;/&gt;
    &lt;/classes&gt;
  &lt;/test&gt; &lt;!-- HLT_16_Verify_SearchOperationForDatabaseListAndArchiveLogs --&gt;
  &lt;test name=&quot;HLT_17_Verify_AdministratorRolePermissions&quot;&gt;
    &lt;classes&gt;
      &lt;class name=&quot;in.v2solutions.hybrid.testcases.HLT_17_Verify_AdministratorRolePermissions&quot;/&gt;
    &lt;/classes&gt;
  &lt;/test&gt; &lt;!-- HLT_17_Verify_AdministratorRolePermissions --&gt;
  &lt;test name=&quot;HLT_18_Verify_UserRolePermissions&quot;&gt;
    &lt;classes&gt;
      &lt;class name=&quot;in.v2solutions.hybrid.testcases.HLT_18_Verify_UserRolePermissions&quot;/&gt;
    &lt;/classes&gt;
  &lt;/test&gt; &lt;!-- HLT_18_Verify_UserRolePermissions --&gt;
  &lt;test name=&quot;HLT_19_Verify_SuperuserRolePermissions&quot;&gt;
    &lt;classes&gt;
      &lt;class name=&quot;in.v2solutions.hybrid.testcases.HLT_19_Verify_SuperuserRolePermissions&quot;/&gt;
    &lt;/classes&gt;
  &lt;/test&gt; &lt;!-- HLT_19_Verify_SuperuserRolePermissions --&gt;
  &lt;test name=&quot;HLT_21_Verify_ScheduleTransfer&quot;&gt;
    &lt;classes&gt;
      &lt;class name=&quot;in.v2solutions.hybrid.testcases.HLT_21_Verify_ScheduleTransfer&quot;/&gt;
    &lt;/classes&gt;
  &lt;/test&gt; &lt;!-- HLT_21_Verify_ScheduleTransfer --&gt;
  &lt;test name=&quot;HLT_22_Verify_ProfileActions&quot;&gt;
    &lt;classes&gt;
      &lt;class name=&quot;in.v2solutions.hybrid.testcases.HLT_22_Verify_ProfileActions&quot;/&gt;
    &lt;/classes&gt;
  &lt;/test&gt; &lt;!-- HLT_22_Verify_ProfileActions --&gt;
  &lt;test name=&quot;HLT_23_Verify_ProductsLicenses&quot;&gt;
    &lt;classes&gt;
      &lt;class name=&quot;in.v2solutions.hybrid.testcases.HLT_23_Verify_ProductsLicenses&quot;/&gt;
    &lt;/classes&gt;
  &lt;/test&gt; &lt;!-- HLT_23_Verify_ProductsLicenses --&gt;
  &lt;test name=&quot;HLT_28_Verify_SelectUnselectSFTPServeronHosts&quot;&gt;
    &lt;classes&gt;
      &lt;class name=&quot;in.v2solutions.hybrid.testcases.HLT_28_Verify_SelectUnselectSFTPServeronHosts&quot;/&gt;
    &lt;/classes&gt;
  &lt;/test&gt; &lt;!-- HLT_28_Verify_SelectUnselectSFTPServeronHosts --&gt;
  &lt;test name=&quot;HLT_29_Verify_SFTPTransfer&quot;&gt;
    &lt;classes&gt;
      &lt;class name=&quot;in.v2solutions.hybrid.testcases.HLT_29_Verify_SFTPTransfer&quot;/&gt;
    &lt;/classes&gt;
  &lt;/test&gt; &lt;!-- HLT_29_Verify_SFTPTransfer --&gt;
  &lt;test name=&quot;HLT_31_Verify_ProductsLicensesInsatllations&quot;&gt;
    &lt;classes&gt;
      &lt;class name=&quot;in.v2solutions.hybrid.testcases.HLT_31_Verify_ProductsLicensesInsatllations&quot;/&gt;
    &lt;/classes&gt;
  &lt;/test&gt; &lt;!-- HLT_31_Verify_ProductsLicensesInsatllations --&gt;
  &lt;test name=&quot;HLT_32_Verify_GlobalSearchDeatilsTransferHistory&quot;&gt;
    &lt;classes&gt;
      &lt;class name=&quot;in.v2solutions.hybrid.testcases.HLT_32_Verify_GlobalSearchDeatilsTransferHistory&quot;/&gt;
    &lt;/classes&gt;
  &lt;/test&gt; &lt;!-- HLT_32_Verify_GlobalSearchDeatilsTransferHistory --&gt;
  &lt;test name=&quot;HLT_33_Verify_MetaDatafileForTransfers&quot;&gt;
    &lt;classes&gt;
      &lt;class name=&quot;in.v2solutions.hybrid.testcases.HLT_33_Verify_MetaDatafileForTransfers&quot;/&gt;
    &lt;/classes&gt;
  &lt;/test&gt; &lt;!-- HLT_33_Verify_MetaDatafileForTransfers --&gt;
  &lt;test name=&quot;HLT_34_Verify_SearchFunctionalityWorksForUserActions&quot;&gt;
    &lt;classes&gt;
      &lt;class name=&quot;in.v2solutions.hybrid.testcases.HLT_34_Verify_SearchFunctionalityWorksForUserActions&quot;/&gt;
    &lt;/classes&gt;
  &lt;/test&gt; &lt;!-- HLT_34_Verify_SearchFunctionalityWorksForUserActions --&gt;
  &lt;test name=&quot;HLT_36_Verify_SystemNotifications&quot;&gt;
    &lt;classes&gt;
      &lt;class name=&quot;in.v2solutions.hybrid.testcases.HLT_36_Verify_SystemNotifications&quot;/&gt;
    &lt;/classes&gt;
  &lt;/test&gt; &lt;!-- HLT_36_Verify_SystemNotifications --&gt;
  &lt;test name=&quot;HLT_37_Verify_AssignUnassignHostToExternalUserAndVerifyDeleteAction&quot;&gt;
    &lt;classes&gt;
      &lt;class name=&quot;in.v2solutions.hybrid.testcases.HLT_37_Verify_AssignUnassignHostToExternalUserAndVerifyDeleteAction&quot;/&gt;
    &lt;/classes&gt;
  &lt;/test&gt; &lt;!-- HLT_37_Verify_AssignUnassignHostToExternalUserAndVerifyDeleteAction --&gt;
  &lt;test name=&quot;HLT_38_Verify_ScheduleTransferUsingCronExpression&quot;&gt;
    &lt;classes&gt;
      &lt;class name=&quot;in.v2solutions.hybrid.testcases.HLT_38_Verify_ScheduleTransferUsingCronExpression&quot;/&gt;
    &lt;/classes&gt;
  &lt;/test&gt; &lt;!-- HLT_38_Verify_ScheduleTransferUsingCronExpression --&gt;
  &lt;test name=&quot;HLT_35_Verify_CaptureUserActions&quot;&gt;
    &lt;classes&gt;
      &lt;class name=&quot;in.v2solutions.hybrid.testcases.HLT_35_Verify_CaptureUserActions&quot;/&gt;
    &lt;/classes&gt;
  &lt;/test&gt; &lt;!-- HLT_35_Verify_CaptureUserActions --&gt;
  &lt;test name=&quot;HLT_39_Verify_CreateNewSubJobTransfer&quot;&gt;
    &lt;classes&gt;
      &lt;class name=&quot;in.v2solutions.hybrid.testcases.HLT_39_Verify_CreateNewSubJobTransfer&quot;/&gt;
    &lt;/classes&gt;
  &lt;/test&gt; &lt;!-- HLT_39_Verify_CreateNewSubJobTransfer --&gt;
  &lt;test name=&quot;HLT_41_Verify_SubJobTransferActions&quot;&gt;
    &lt;classes&gt;
      &lt;class name=&quot;in.v2solutions.hybrid.testcases.HLT_41_Verify_SubJobTransferActions&quot;/&gt;
    &lt;/classes&gt;
  &lt;/test&gt; &lt;!-- HLT_41_Verify_SubJobTransferActions --&gt;
  &lt;test name=&quot;HLT_42_Verify_KnowledgeBaseContactUsURLs&quot;&gt;
    &lt;classes&gt;
      &lt;class name=&quot;in.v2solutions.hybrid.testcases.HLT_42_Verify_KnowledgeBaseContactUsURLs&quot;/&gt;
    &lt;/classes&gt;
  &lt;/test&gt; &lt;!-- HLT_42_Verify_KnowledgeBaseContactUsURLs --&gt;
  &lt;test name=&quot;HLT_43_Verify_ScheduleSubJobTransfer&quot;&gt;
    &lt;classes&gt;
      &lt;class name=&quot;in.v2solutions.hybrid.testcases.HLT_43_Verify_ScheduleSubJobTransfer&quot;/&gt;
    &lt;/classes&gt;
  &lt;/test&gt; &lt;!-- HLT_43_Verify_ScheduleSubJobTransfer --&gt;
  &lt;test name=&quot;HLT_44_Verify_SubjobTransferActionSAnditShouldNotDisplayMigrateAction&quot;&gt;
    &lt;classes&gt;
      &lt;class name=&quot;in.v2solutions.hybrid.testcases.HLT_44_Verify_SubjobTransferActionSAnditShouldNotDisplayMigrateAction&quot;/&gt;
    &lt;/classes&gt;
  &lt;/test&gt; &lt;!-- HLT_44_Verify_SubjobTransferActionSAnditShouldNotDisplayMigrateAction --&gt;
  &lt;test name=&quot;HLT_45_Verify_CreateSubJobWithEngineAndVerifyTransferLogs&quot;&gt;
    &lt;classes&gt;
      &lt;class name=&quot;in.v2solutions.hybrid.testcases.HLT_45_Verify_CreateSubJobWithEngineAndVerifyTransferLogs&quot;/&gt;
    &lt;/classes&gt;
  &lt;/test&gt; &lt;!-- HLT_45_Verify_CreateSubJobWithEngineAndVerifyTransferLogs --&gt;
  &lt;test name=&quot;HLT_46_Verify_CreateNewTransferWithFTPSProtocolAndItsActions&quot;&gt;
    &lt;classes&gt;
      &lt;class name=&quot;in.v2solutions.hybrid.testcases.HLT_46_Verify_CreateNewTransferWithFTPSProtocolAndItsActions&quot;/&gt;
    &lt;/classes&gt;
  &lt;/test&gt; &lt;!-- HLT_46_Verify_CreateNewTransferWithFTPSProtocolAndItsActions --&gt;
  &lt;test name=&quot;HLT_47_Verify_CreateMultipleSubjobsAndVerifyStatus&quot;&gt;
    &lt;classes&gt;
      &lt;class name=&quot;in.v2solutions.hybrid.testcases.HLT_47_Verify_CreateMultipleSubjobsAndVerifyStatus&quot;/&gt;
    &lt;/classes&gt;
  &lt;/test&gt; &lt;!-- HLT_47_Verify_CreateMultipleSubjobsAndVerifyStatus --&gt;
  &lt;test name=&quot;HLT_50_Verify_KeyCompatabilityWhileCreatingTransfer&quot;&gt;
    &lt;classes&gt;
      &lt;class name=&quot;in.v2solutions.hybrid.testcases.HLT_50_Verify_KeyCompatabilityWhileCreatingTransfer&quot;/&gt;
    &lt;/classes&gt;
  &lt;/test&gt; &lt;!-- HLT_50_Verify_KeyCompatabilityWhileCreatingTransfer --&gt;
  &lt;test name=&quot;HLT_51_Verify_CreateViewEditDeleteDataForApplicationsModule&quot;&gt;
    &lt;classes&gt;
      &lt;class name=&quot;in.v2solutions.hybrid.testcases.HLT_51_Verify_CreateViewEditDeleteDataForApplicationsModule&quot;/&gt;
    &lt;/classes&gt;
  &lt;/test&gt; &lt;!-- HLT_51_Verify_CreateViewEditDeleteDataForApplicationsModule --&gt;
&lt;/suite&gt; &lt;!-- Regression --&gt;
            </pre>
          </div> <!-- main-panel-content rounded-window-bottom -->
        </div> <!-- panel -->
        <div panel-name="testlist-Regression" class="panel">
          <div class="main-panel-header rounded-window-top">
            <span class="header-content">Tests for Regression</span>
          </div> <!-- main-panel-header rounded-window-top -->
          <div class="main-panel-content rounded-window-bottom">
            <ul>
              <li>
                <span class="test-name">HLT_00_Verify_TestData (1 class)</span>
              </li>
              <li>
                <span class="test-name">HLT_01_Verify_AddViewEditSearchAndDeleteFunctionalitiesForNewUser (1 class)</span>
              </li>
              <li>
                <span class="test-name">HLT_02_Verify_AddViewEditSearchAndDeleteFunctionalitiesForCredentials (1 class)</span>
              </li>
              <li>
                <span class="test-name">HLT_03_Verify_AddViewEditSearchAndDeleteFunctionalitiesForUserGroups (1 class)</span>
              </li>
              <li>
                <span class="test-name">HLT_04_Verify_HostActionsFunctionality (1 class)</span>
              </li>
              <li>
                <span class="test-name">HLT_05_Verify_AddViewEditSearchExportAndDeleteFunctionalitiesForTransferReports (1 class)</span>
              </li>
              <li>
                <span class="test-name">HLT_06_Verify_AddViewEditSearchAndDeleteFunctionalitiesForHostReports (1 class)</span>
              </li>
              <li>
                <span class="test-name">HLT_07_Verify_AddViewEditSearchAndDeleteFunctionalitiesForSystemStatusReports (1 class)</span>
              </li>
              <li>
                <span class="test-name">HLT_08_Verify_AddViewEditSearchAndDeleteFunctionalitiesForUserReports (1 class)</span>
              </li>
              <li>
                <span class="test-name">HLT_09_Verify_SearchDetails_TransferHistory (1 class)</span>
              </li>
              <li>
                <span class="test-name">HLT_11_Verify_ManageTransferActions (1 class)</span>
              </li>
              <li>
                <span class="test-name">HLT_12_Verify_SearchDetails_ManageTransfers (1 class)</span>
              </li>
              <li>
                <span class="test-name">HLT_15_Verify_AddExternalHostTransfer (1 class)</span>
              </li>
              <li>
                <span class="test-name">HLT_16_Verify_SearchOperationForDatabaseListAndArchiveLogs (1 class)</span>
              </li>
              <li>
                <span class="test-name">HLT_17_Verify_AdministratorRolePermissions (1 class)</span>
              </li>
              <li>
                <span class="test-name">HLT_18_Verify_UserRolePermissions (1 class)</span>
              </li>
              <li>
                <span class="test-name">HLT_19_Verify_SuperuserRolePermissions (1 class)</span>
              </li>
              <li>
                <span class="test-name">HLT_21_Verify_ScheduleTransfer (1 class)</span>
              </li>
              <li>
                <span class="test-name">HLT_22_Verify_ProfileActions (1 class)</span>
              </li>
              <li>
                <span class="test-name">HLT_23_Verify_ProductsLicenses (1 class)</span>
              </li>
              <li>
                <span class="test-name">HLT_28_Verify_SelectUnselectSFTPServeronHosts (1 class)</span>
              </li>
              <li>
                <span class="test-name">HLT_29_Verify_SFTPTransfer (1 class)</span>
              </li>
              <li>
                <span class="test-name">HLT_31_Verify_ProductsLicensesInsatllations (1 class)</span>
              </li>
              <li>
                <span class="test-name">HLT_32_Verify_GlobalSearchDeatilsTransferHistory (1 class)</span>
              </li>
              <li>
                <span class="test-name">HLT_33_Verify_MetaDatafileForTransfers (1 class)</span>
              </li>
              <li>
                <span class="test-name">HLT_34_Verify_SearchFunctionalityWorksForUserActions (1 class)</span>
              </li>
              <li>
                <span class="test-name">HLT_36_Verify_SystemNotifications (1 class)</span>
              </li>
              <li>
                <span class="test-name">HLT_37_Verify_AssignUnassignHostToExternalUserAndVerifyDeleteAction (1 class)</span>
              </li>
              <li>
                <span class="test-name">HLT_38_Verify_ScheduleTransferUsingCronExpression (1 class)</span>
              </li>
              <li>
                <span class="test-name">HLT_35_Verify_CaptureUserActions (1 class)</span>
              </li>
              <li>
                <span class="test-name">HLT_39_Verify_CreateNewSubJobTransfer (1 class)</span>
              </li>
              <li>
                <span class="test-name">HLT_41_Verify_SubJobTransferActions (1 class)</span>
              </li>
              <li>
                <span class="test-name">HLT_42_Verify_KnowledgeBaseContactUsURLs (1 class)</span>
              </li>
              <li>
                <span class="test-name">HLT_43_Verify_ScheduleSubJobTransfer (1 class)</span>
              </li>
              <li>
                <span class="test-name">HLT_44_Verify_SubjobTransferActionSAnditShouldNotDisplayMigrateAction (1 class)</span>
              </li>
              <li>
                <span class="test-name">HLT_45_Verify_CreateSubJobWithEngineAndVerifyTransferLogs (1 class)</span>
              </li>
              <li>
                <span class="test-name">HLT_46_Verify_CreateNewTransferWithFTPSProtocolAndItsActions (1 class)</span>
              </li>
              <li>
                <span class="test-name">HLT_47_Verify_CreateMultipleSubjobsAndVerifyStatus (1 class)</span>
              </li>
              <li>
                <span class="test-name">HLT_50_Verify_KeyCompatabilityWhileCreatingTransfer (1 class)</span>
              </li>
              <li>
                <span class="test-name">HLT_51_Verify_CreateViewEditDeleteDataForApplicationsModule (1 class)</span>
              </li>
            </ul>
          </div> <!-- main-panel-content rounded-window-bottom -->
        </div> <!-- panel -->
        <div panel-name="group-Regression" class="panel">
          <div class="main-panel-header rounded-window-top">
            <span class="header-content">Groups for Regression</span>
          </div> <!-- main-panel-header rounded-window-top -->
          <div class="main-panel-content rounded-window-bottom">
          </div> <!-- main-panel-content rounded-window-bottom -->
        </div> <!-- panel -->
        <div panel-name="times-Regression" class="panel">
          <div class="main-panel-header rounded-window-top">
            <span class="header-content">Times for Regression</span>
          </div> <!-- main-panel-header rounded-window-top -->
          <div class="main-panel-content rounded-window-bottom">
            <div class="times-div">
              <script type="text/javascript">
suiteTableInitFunctions.push('tableData_Regression');
function tableData_Regression() {
var data = new google.visualization.DataTable();
data.addColumn('number', 'Number');
data.addColumn('string', 'Method');
data.addColumn('string', 'Class');
data.addColumn('number', 'Time (ms)');
data.addRows(40);
data.setCell(0, 0, 0)
data.setCell(0, 1, 'verify_SearchDetails_TransferHistory')
data.setCell(0, 2, 'in.v2solutions.hybrid.testcases.HLT_09_Verify_SearchDetails_TransferHistory')
data.setCell(0, 3, 243507);
data.setCell(1, 0, 1)
data.setCell(1, 1, 'verify_TestData')
data.setCell(1, 2, 'in.v2solutions.hybrid.testcases.HLT_00_Verify_TestData')
data.setCell(1, 3, 47);
data.setCell(2, 0, 2)
data.setCell(2, 1, 'verify_UserRolePermissions')
data.setCell(2, 2, 'in.v2solutions.hybrid.testcases.HLT_18_Verify_UserRolePermissions')
data.setCell(2, 3, 15);
data.setCell(3, 0, 3)
data.setCell(3, 1, 'verify_CaptureUserActions')
data.setCell(3, 2, 'in.v2solutions.hybrid.testcases.HLT_35_Verify_CaptureUserActions')
data.setCell(3, 3, 15);
data.setCell(4, 0, 4)
data.setCell(4, 1, 'verify_AddViewEditSearchAndDeleteFunctionalitiesForNewUser')
data.setCell(4, 2, 'in.v2solutions.hybrid.testcases.HLT_01_Verify_AddViewEditSearchAndDeleteFunctionalitiesForNewUser')
data.setCell(4, 3, 0);
data.setCell(5, 0, 5)
data.setCell(5, 1, 'verify_AddViewEditSearchAndDeleteFunctionalitiesForCredentials')
data.setCell(5, 2, 'in.v2solutions.hybrid.testcases.HLT_02_Verify_AddViewEditSearchAndDeleteFunctionalitiesForCredentials')
data.setCell(5, 3, 0);
data.setCell(6, 0, 6)
data.setCell(6, 1, 'verify_AddViewEditSearchAndDeleteFunctionalitiesForUserGroups')
data.setCell(6, 2, 'in.v2solutions.hybrid.testcases.HLT_03_Verify_AddViewEditSearchAndDeleteFunctionalitiesForUserGroups')
data.setCell(6, 3, 0);
data.setCell(7, 0, 7)
data.setCell(7, 1, 'verify_HostActionsFunctionality')
data.setCell(7, 2, 'in.v2solutions.hybrid.testcases.HLT_04_Verify_HostActionsFunctionality')
data.setCell(7, 3, 0);
data.setCell(8, 0, 8)
data.setCell(8, 1, 'verify_AddViewEditSearchExportAndDeleteFunctionalitiesForTransferReports')
data.setCell(8, 2, 'in.v2solutions.hybrid.testcases.HLT_05_Verify_AddViewEditSearchExportAndDeleteFunctionalitiesForTransferReports')
data.setCell(8, 3, 0);
data.setCell(9, 0, 9)
data.setCell(9, 1, 'verify_AddViewEditSearchAndDeleteFunctionalitiesForHostReports')
data.setCell(9, 2, 'in.v2solutions.hybrid.testcases.HLT_06_Verify_AddViewEditSearchAndDeleteFunctionalitiesForHostReports')
data.setCell(9, 3, 0);
data.setCell(10, 0, 10)
data.setCell(10, 1, 'verify_AddViewEditSearchAndDeleteFunctionalitiesForSystemStatusReports')
data.setCell(10, 2, 'in.v2solutions.hybrid.testcases.HLT_07_Verify_AddViewEditSearchAndDeleteFunctionalitiesForSystemStatusReports')
data.setCell(10, 3, 0);
data.setCell(11, 0, 11)
data.setCell(11, 1, 'verify_AddViewEditSearchAndDeleteFunctionalitiesForUserReports')
data.setCell(11, 2, 'in.v2solutions.hybrid.testcases.HLT_08_Verify_AddViewEditSearchAndDeleteFunctionalitiesForUserReports')
data.setCell(11, 3, 0);
data.setCell(12, 0, 12)
data.setCell(12, 1, 'verify_ManageTransferActions')
data.setCell(12, 2, 'in.v2solutions.hybrid.testcases.HLT_11_Verify_ManageTransferActions')
data.setCell(12, 3, 0);
data.setCell(13, 0, 13)
data.setCell(13, 1, 'verify_SearchDetails_ManageTransfers')
data.setCell(13, 2, 'in.v2solutions.hybrid.testcases.HLT_12_Verify_SearchDetails_ManageTransfers')
data.setCell(13, 3, 0);
data.setCell(14, 0, 14)
data.setCell(14, 1, 'verify_AddExternalHostTransfer')
data.setCell(14, 2, 'in.v2solutions.hybrid.testcases.HLT_15_Verify_AddExternalHostTransfer')
data.setCell(14, 3, 0);
data.setCell(15, 0, 15)
data.setCell(15, 1, 'verify_SearchOperationForDatabaseListAndArchiveLogs')
data.setCell(15, 2, 'in.v2solutions.hybrid.testcases.HLT_16_Verify_SearchOperationForDatabaseListAndArchiveLogs')
data.setCell(15, 3, 0);
data.setCell(16, 0, 16)
data.setCell(16, 1, 'verify_AdministratorRolePermissions')
data.setCell(16, 2, 'in.v2solutions.hybrid.testcases.HLT_17_Verify_AdministratorRolePermissions')
data.setCell(16, 3, 0);
data.setCell(17, 0, 17)
data.setCell(17, 1, 'verify_SuperuserRolePermissions')
data.setCell(17, 2, 'in.v2solutions.hybrid.testcases.HLT_19_Verify_SuperuserRolePermissions')
data.setCell(17, 3, 0);
data.setCell(18, 0, 18)
data.setCell(18, 1, 'verify_ScheduleTransfer')
data.setCell(18, 2, 'in.v2solutions.hybrid.testcases.HLT_21_Verify_ScheduleTransfer')
data.setCell(18, 3, 0);
data.setCell(19, 0, 19)
data.setCell(19, 1, 'verify_ProfileActions')
data.setCell(19, 2, 'in.v2solutions.hybrid.testcases.HLT_22_Verify_ProfileActions')
data.setCell(19, 3, 0);
data.setCell(20, 0, 20)
data.setCell(20, 1, 'verify_ProductsLicenses')
data.setCell(20, 2, 'in.v2solutions.hybrid.testcases.HLT_23_Verify_ProductsLicenses')
data.setCell(20, 3, 0);
data.setCell(21, 0, 21)
data.setCell(21, 1, 'verify_SelectUnselectSFTPServeronHosts')
data.setCell(21, 2, 'in.v2solutions.hybrid.testcases.HLT_28_Verify_SelectUnselectSFTPServeronHosts')
data.setCell(21, 3, 0);
data.setCell(22, 0, 22)
data.setCell(22, 1, 'verify_SFTPTransfer')
data.setCell(22, 2, 'in.v2solutions.hybrid.testcases.HLT_29_Verify_SFTPTransfer')
data.setCell(22, 3, 0);
data.setCell(23, 0, 23)
data.setCell(23, 1, 'verify_ProductsLicensesInsatllations')
data.setCell(23, 2, 'in.v2solutions.hybrid.testcases.HLT_31_Verify_ProductsLicensesInsatllations')
data.setCell(23, 3, 0);
data.setCell(24, 0, 24)
data.setCell(24, 1, 'verify_GlobalSearchDeatilsTransferHistory')
data.setCell(24, 2, 'in.v2solutions.hybrid.testcases.HLT_32_Verify_GlobalSearchDeatilsTransferHistory')
data.setCell(24, 3, 0);
data.setCell(25, 0, 25)
data.setCell(25, 1, 'verify_MetaDatafileForTransfers')
data.setCell(25, 2, 'in.v2solutions.hybrid.testcases.HLT_33_Verify_MetaDatafileForTransfers')
data.setCell(25, 3, 0);
data.setCell(26, 0, 26)
data.setCell(26, 1, 'verify_SearchFunctionalityWorksForUserActions')
data.setCell(26, 2, 'in.v2solutions.hybrid.testcases.HLT_34_Verify_SearchFunctionalityWorksForUserActions')
data.setCell(26, 3, 0);
data.setCell(27, 0, 27)
data.setCell(27, 1, 'verify_SystemNotifications')
data.setCell(27, 2, 'in.v2solutions.hybrid.testcases.HLT_36_Verify_SystemNotifications')
data.setCell(27, 3, 0);
data.setCell(28, 0, 28)
data.setCell(28, 1, 'verify_AssignUnassignHostToExternalUserAnd')
data.setCell(28, 2, 'in.v2solutions.hybrid.testcases.HLT_37_Verify_AssignUnassignHostToExternalUserAndVerifyDeleteAction')
data.setCell(28, 3, 0);
data.setCell(29, 0, 29)
data.setCell(29, 1, 'verify_ScheduleTransferUsingCronExpression')
data.setCell(29, 2, 'in.v2solutions.hybrid.testcases.HLT_38_Verify_ScheduleTransferUsingCronExpression')
data.setCell(29, 3, 0);
data.setCell(30, 0, 30)
data.setCell(30, 1, 'verify_CreateNewSubJobTransfer')
data.setCell(30, 2, 'in.v2solutions.hybrid.testcases.HLT_39_Verify_CreateNewSubJobTransfer')
data.setCell(30, 3, 0);
data.setCell(31, 0, 31)
data.setCell(31, 1, 'verify_SubJobTransferActions')
data.setCell(31, 2, 'in.v2solutions.hybrid.testcases.HLT_41_Verify_SubJobTransferActions')
data.setCell(31, 3, 0);
data.setCell(32, 0, 32)
data.setCell(32, 1, 'verify_KnowledgeBaseContactUsURLs')
data.setCell(32, 2, 'in.v2solutions.hybrid.testcases.HLT_42_Verify_KnowledgeBaseContactUsURLs')
data.setCell(32, 3, 0);
data.setCell(33, 0, 33)
data.setCell(33, 1, 'verify_ScheduleSubJobTransfer')
data.setCell(33, 2, 'in.v2solutions.hybrid.testcases.HLT_43_Verify_ScheduleSubJobTransfer')
data.setCell(33, 3, 0);
data.setCell(34, 0, 34)
data.setCell(34, 1, 'verify_SubjobTransferActionSAnditShouldNotDisplayMigrateAction')
data.setCell(34, 2, 'in.v2solutions.hybrid.testcases.HLT_44_Verify_SubjobTransferActionSAnditShouldNotDisplayMigrateAction')
data.setCell(34, 3, 0);
data.setCell(35, 0, 35)
data.setCell(35, 1, 'verify_CreateSubJobWithEngineAnd')
data.setCell(35, 2, 'in.v2solutions.hybrid.testcases.HLT_45_Verify_CreateSubJobWithEngineAndVerifyTransferLogs')
data.setCell(35, 3, 0);
data.setCell(36, 0, 36)
data.setCell(36, 1, 'verify_CreateNewTransferWithFTPSProtocolAndItsActions')
data.setCell(36, 2, 'in.v2solutions.hybrid.testcases.HLT_46_Verify_CreateNewTransferWithFTPSProtocolAndItsActions')
data.setCell(36, 3, 0);
data.setCell(37, 0, 37)
data.setCell(37, 1, 'verify_CreateMultipleSubjobsAnd')
data.setCell(37, 2, 'in.v2solutions.hybrid.testcases.HLT_47_Verify_CreateMultipleSubjobsAndVerifyStatus')
data.setCell(37, 3, 0);
data.setCell(38, 0, 38)
data.setCell(38, 1, 'verify_KeyCompatabilityWhileCreatingTransfer')
data.setCell(38, 2, 'in.v2solutions.hybrid.testcases.HLT_50_Verify_KeyCompatabilityWhileCreatingTransfer')
data.setCell(38, 3, 0);
data.setCell(39, 0, 39)
data.setCell(39, 1, 'verify_CreateViewEditDeleteDataForApplicationsModule')
data.setCell(39, 2, 'in.v2solutions.hybrid.testcases.HLT_51_Verify_CreateViewEditDeleteDataForApplicationsModule')
data.setCell(39, 3, 0);
window.suiteTableData['Regression']= { tableData: data, tableDiv: 'times-div-Regression'}
return data;
}
              </script>
              <span class="suite-total-time">Total running time: 4 minutes</span>
              <div id="times-div-Regression">
              </div> <!-- times-div-Regression -->
            </div> <!-- times-div -->
          </div> <!-- main-panel-content rounded-window-bottom -->
        </div> <!-- panel -->
        <div panel-name="reporter-Regression" class="panel">
          <div class="main-panel-header rounded-window-top">
            <span class="header-content">Reporter output for Regression</span>
          </div> <!-- main-panel-header rounded-window-top -->
          <div class="main-panel-content rounded-window-bottom">
          </div> <!-- main-panel-content rounded-window-bottom -->
        </div> <!-- panel -->
        <div panel-name="ignored-methods-Regression" class="panel">
          <div class="main-panel-header rounded-window-top">
            <span class="header-content">0 ignored methods</span>
          </div> <!-- main-panel-header rounded-window-top -->
          <div class="main-panel-content rounded-window-bottom">
          </div> <!-- main-panel-content rounded-window-bottom -->
        </div> <!-- panel -->
        <div panel-name="chronological-Regression" class="panel">
          <div class="main-panel-header rounded-window-top">
            <span class="header-content">Methods in chronological order</span>
          </div> <!-- main-panel-header rounded-window-top -->
          <div class="main-panel-content rounded-window-bottom">
            <div class="chronological-class">
              <div class="chronological-class-name">in.v2solutions.hybrid.testcases.HLT_00_Verify_TestData</div> <!-- chronological-class-name -->
              <div class="configuration-test before">
                <span class="method-name">beforeTest(HULFT_bulid5667--All_Regression)</span>
                <span class="method-start">0 ms</span>
              </div> <!-- configuration-test before -->
              <div class="test-method">
                <span class="method-name">verify_TestData({RunMode=Y})</span>
                <span class="method-start">653 ms</span>
              </div> <!-- test-method -->
              <div class="configuration-test after">
                <span class="method-name">afterTest</span>
                <span class="method-start">700 ms</span>
              </div> <!-- configuration-test after -->
            </div> <!-- chronological-class -->
            <div class="chronological-class">
              <div class="chronological-class-name">in.v2solutions.hybrid.testcases.HLT_01_Verify_AddViewEditSearchAndDeleteFunctionalitiesForNewUser</div> <!-- chronological-class-name -->
              <div class="configuration-test before">
                <span class="method-name">beforeTest(HULFT_bulid5667--All_Regression)</span>
                <span class="method-start">1247 ms</span>
              </div> <!-- configuration-test before -->
              <div class="test-method">
                <span class="method-name">verify_AddViewEditSearchAndDeleteFunctionalitiesForNewUser({RunMode=Y})</span>
                <span class="method-start">1263 ms</span>
              </div> <!-- test-method -->
              <div class="configuration-test after">
                <span class="method-name">afterTest</span>
                <span class="method-start">1263 ms</span>
              </div> <!-- configuration-test after -->
            </div> <!-- chronological-class -->
            <div class="chronological-class">
              <div class="chronological-class-name">in.v2solutions.hybrid.testcases.HLT_02_Verify_AddViewEditSearchAndDeleteFunctionalitiesForCredentials</div> <!-- chronological-class-name -->
              <div class="configuration-test before">
                <span class="method-name">beforeTest(HULFT_bulid5667--All_Regression)</span>
                <span class="method-start">1403 ms</span>
              </div> <!-- configuration-test before -->
              <div class="test-method">
                <span class="method-name">verify_AddViewEditSearchAndDeleteFunctionalitiesForCredentials({RunMode=Y})</span>
                <span class="method-start">1403 ms</span>
              </div> <!-- test-method -->
              <div class="configuration-test after">
                <span class="method-name">afterTest</span>
                <span class="method-start">1403 ms</span>
              </div> <!-- configuration-test after -->
            </div> <!-- chronological-class -->
            <div class="chronological-class">
              <div class="chronological-class-name">in.v2solutions.hybrid.testcases.HLT_03_Verify_AddViewEditSearchAndDeleteFunctionalitiesForUserGroups</div> <!-- chronological-class-name -->
              <div class="configuration-test before">
                <span class="method-name">beforeTest(HULFT_bulid5667--All_Regression)</span>
                <span class="method-start">1528 ms</span>
              </div> <!-- configuration-test before -->
              <div class="test-method">
                <span class="method-name">verify_AddViewEditSearchAndDeleteFunctionalitiesForUserGroups({RunMode=Y})</span>
                <span class="method-start">1544 ms</span>
              </div> <!-- test-method -->
              <div class="configuration-test after">
                <span class="method-name">afterTest</span>
                <span class="method-start">1544 ms</span>
              </div> <!-- configuration-test after -->
            </div> <!-- chronological-class -->
            <div class="chronological-class">
              <div class="chronological-class-name">in.v2solutions.hybrid.testcases.HLT_04_Verify_HostActionsFunctionality</div> <!-- chronological-class-name -->
              <div class="configuration-test before">
                <span class="method-name">beforeTest(HULFT_bulid5667--All_Regression)</span>
                <span class="method-start">1685 ms</span>
              </div> <!-- configuration-test before -->
              <div class="test-method">
                <span class="method-name">verify_HostActionsFunctionality({RunMode=Y})</span>
                <span class="method-start">1685 ms</span>
              </div> <!-- test-method -->
              <div class="configuration-test after">
                <span class="method-name">afterTest</span>
                <span class="method-start">1685 ms</span>
              </div> <!-- configuration-test after -->
            </div> <!-- chronological-class -->
            <div class="chronological-class">
              <div class="chronological-class-name">in.v2solutions.hybrid.testcases.HLT_05_Verify_AddViewEditSearchExportAndDeleteFunctionalitiesForTransferReports</div> <!-- chronological-class-name -->
              <div class="configuration-test before">
                <span class="method-name">beforeTest(HULFT_bulid5667--All_Regression)</span>
                <span class="method-start">1778 ms</span>
              </div> <!-- configuration-test before -->
              <div class="test-method">
                <span class="method-name">verify_AddViewEditSearchExportAndDeleteFunctionalitiesForTransferReports({RunMode=Y})</span>
                <span class="method-start">1778 ms</span>
              </div> <!-- test-method -->
              <div class="configuration-test after">
                <span class="method-name">afterTest</span>
                <span class="method-start">1778 ms</span>
              </div> <!-- configuration-test after -->
            </div> <!-- chronological-class -->
            <div class="chronological-class">
              <div class="chronological-class-name">in.v2solutions.hybrid.testcases.HLT_06_Verify_AddViewEditSearchAndDeleteFunctionalitiesForHostReports</div> <!-- chronological-class-name -->
              <div class="configuration-test before">
                <span class="method-name">beforeTest(HULFT_bulid5667--All_Regression)</span>
                <span class="method-start">1888 ms</span>
              </div> <!-- configuration-test before -->
              <div class="test-method">
                <span class="method-name">verify_AddViewEditSearchAndDeleteFunctionalitiesForHostReports({RunMode=Y})</span>
                <span class="method-start">1888 ms</span>
              </div> <!-- test-method -->
              <div class="configuration-test after">
                <span class="method-name">afterTest</span>
                <span class="method-start">1888 ms</span>
              </div> <!-- configuration-test after -->
            </div> <!-- chronological-class -->
            <div class="chronological-class">
              <div class="chronological-class-name">in.v2solutions.hybrid.testcases.HLT_07_Verify_AddViewEditSearchAndDeleteFunctionalitiesForSystemStatusReports</div> <!-- chronological-class-name -->
              <div class="configuration-test before">
                <span class="method-name">beforeTest(HULFT_bulid5667--All_Regression)</span>
                <span class="method-start">1997 ms</span>
              </div> <!-- configuration-test before -->
              <div class="test-method">
                <span class="method-name">verify_AddViewEditSearchAndDeleteFunctionalitiesForSystemStatusReports({RunMode=Y})</span>
                <span class="method-start">1997 ms</span>
              </div> <!-- test-method -->
              <div class="configuration-test after">
                <span class="method-name">afterTest</span>
                <span class="method-start">1997 ms</span>
              </div> <!-- configuration-test after -->
            </div> <!-- chronological-class -->
            <div class="chronological-class">
              <div class="chronological-class-name">in.v2solutions.hybrid.testcases.HLT_08_Verify_AddViewEditSearchAndDeleteFunctionalitiesForUserReports</div> <!-- chronological-class-name -->
              <div class="configuration-test before">
                <span class="method-name">beforeTest(HULFT_bulid5667--All_Regression)</span>
                <span class="method-start">2107 ms</span>
              </div> <!-- configuration-test before -->
              <div class="test-method">
                <span class="method-name">verify_AddViewEditSearchAndDeleteFunctionalitiesForUserReports({RunMode=Y})</span>
                <span class="method-start">2107 ms</span>
              </div> <!-- test-method -->
              <div class="configuration-test after">
                <span class="method-name">afterTest</span>
                <span class="method-start">2107 ms</span>
              </div> <!-- configuration-test after -->
            </div> <!-- chronological-class -->
            <div class="chronological-class">
              <div class="chronological-class-name">in.v2solutions.hybrid.testcases.HLT_09_Verify_SearchDetails_TransferHistory</div> <!-- chronological-class-name -->
              <div class="configuration-test before">
                <span class="method-name">beforeTest(HULFT_bulid5667--All_Regression)</span>
                <span class="method-start">2217 ms</span>
              </div> <!-- configuration-test before -->
              <div class="test-method">
                <span class="method-name">verify_SearchDetails_TransferHistory({RunMode=Y})</span>
                <span class="method-start">2217 ms</span>
              </div> <!-- test-method -->
              <div class="configuration-test after">
                <span class="method-name">afterTest</span>
                <span class="method-start">245724 ms</span>
              </div> <!-- configuration-test after -->
            </div> <!-- chronological-class -->
            <div class="chronological-class">
              <div class="chronological-class-name">in.v2solutions.hybrid.testcases.HLT_11_Verify_ManageTransferActions</div> <!-- chronological-class-name -->
              <div class="configuration-test before">
                <span class="method-name">beforeTest(HULFT_bulid5667--All_Regression)</span>
                <span class="method-start">246609 ms</span>
              </div> <!-- configuration-test before -->
              <div class="test-method">
                <span class="method-name">verify_ManageTransferActions({RunMode=Y})</span>
                <span class="method-start">246624 ms</span>
              </div> <!-- test-method -->
              <div class="configuration-test after">
                <span class="method-name">afterTest</span>
                <span class="method-start">246624 ms</span>
              </div> <!-- configuration-test after -->
            </div> <!-- chronological-class -->
            <div class="chronological-class">
              <div class="chronological-class-name">in.v2solutions.hybrid.testcases.HLT_12_Verify_SearchDetails_ManageTransfers</div> <!-- chronological-class-name -->
              <div class="configuration-test before">
                <span class="method-name">beforeTest(HULFT_bulid5667--All_Regression)</span>
                <span class="method-start">246718 ms</span>
              </div> <!-- configuration-test before -->
              <div class="test-method">
                <span class="method-name">verify_SearchDetails_ManageTransfers({RunMode=Y})</span>
                <span class="method-start">246734 ms</span>
              </div> <!-- test-method -->
              <div class="configuration-test after">
                <span class="method-name">afterTest</span>
                <span class="method-start">246734 ms</span>
              </div> <!-- configuration-test after -->
            </div> <!-- chronological-class -->
            <div class="chronological-class">
              <div class="chronological-class-name">in.v2solutions.hybrid.testcases.HLT_15_Verify_AddExternalHostTransfer</div> <!-- chronological-class-name -->
              <div class="configuration-test before">
                <span class="method-name">beforeTest(HULFT_bulid5667--All_Regression)</span>
                <span class="method-start">246874 ms</span>
              </div> <!-- configuration-test before -->
              <div class="test-method">
                <span class="method-name">verify_AddExternalHostTransfer({RunMode=Y})</span>
                <span class="method-start">246874 ms</span>
              </div> <!-- test-method -->
              <div class="configuration-test after">
                <span class="method-name">afterTest</span>
                <span class="method-start">246874 ms</span>
              </div> <!-- configuration-test after -->
            </div> <!-- chronological-class -->
            <div class="chronological-class">
              <div class="chronological-class-name">in.v2solutions.hybrid.testcases.HLT_16_Verify_SearchOperationForDatabaseListAndArchiveLogs</div> <!-- chronological-class-name -->
              <div class="configuration-test before">
                <span class="method-name">beforeTest(HULFT_bulid5667--All_Regression)</span>
                <span class="method-start">246984 ms</span>
              </div> <!-- configuration-test before -->
              <div class="test-method">
                <span class="method-name">verify_SearchOperationForDatabaseListAndArchiveLogs({RunMode=Y})</span>
                <span class="method-start">246984 ms</span>
              </div> <!-- test-method -->
              <div class="configuration-test after">
                <span class="method-name">afterTest</span>
                <span class="method-start">246984 ms</span>
              </div> <!-- configuration-test after -->
            </div> <!-- chronological-class -->
            <div class="chronological-class">
              <div class="chronological-class-name">in.v2solutions.hybrid.testcases.HLT_17_Verify_AdministratorRolePermissions</div> <!-- chronological-class-name -->
              <div class="configuration-test before">
                <span class="method-name">beforeTest(HULFT_bulid5667--All_Regression)</span>
                <span class="method-start">247077 ms</span>
              </div> <!-- configuration-test before -->
              <div class="test-method">
                <span class="method-name">verify_AdministratorRolePermissions({RunMode=Y})</span>
                <span class="method-start">247093 ms</span>
              </div> <!-- test-method -->
              <div class="configuration-test after">
                <span class="method-name">afterTest</span>
                <span class="method-start">247093 ms</span>
              </div> <!-- configuration-test after -->
            </div> <!-- chronological-class -->
            <div class="chronological-class">
              <div class="chronological-class-name">in.v2solutions.hybrid.testcases.HLT_18_Verify_UserRolePermissions</div> <!-- chronological-class-name -->
              <div class="configuration-test before">
                <span class="method-name">beforeTest(HULFT_bulid5667--All_Regression)</span>
                <span class="method-start">247187 ms</span>
              </div> <!-- configuration-test before -->
              <div class="test-method">
                <span class="method-name">verify_UserRolePermissions({RunMode=Y})</span>
                <span class="method-start">247187 ms</span>
              </div> <!-- test-method -->
              <div class="configuration-test after">
                <span class="method-name">afterTest</span>
                <span class="method-start">247202 ms</span>
              </div> <!-- configuration-test after -->
            </div> <!-- chronological-class -->
            <div class="chronological-class">
              <div class="chronological-class-name">in.v2solutions.hybrid.testcases.HLT_19_Verify_SuperuserRolePermissions</div> <!-- chronological-class-name -->
              <div class="configuration-test before">
                <span class="method-name">beforeTest(HULFT_bulid5667--All_Regression)</span>
                <span class="method-start">247296 ms</span>
              </div> <!-- configuration-test before -->
              <div class="test-method">
                <span class="method-name">verify_SuperuserRolePermissions({RunMode=Y})</span>
                <span class="method-start">247312 ms</span>
              </div> <!-- test-method -->
              <div class="configuration-test after">
                <span class="method-name">afterTest</span>
                <span class="method-start">247312 ms</span>
              </div> <!-- configuration-test after -->
            </div> <!-- chronological-class -->
            <div class="chronological-class">
              <div class="chronological-class-name">in.v2solutions.hybrid.testcases.HLT_21_Verify_ScheduleTransfer</div> <!-- chronological-class-name -->
              <div class="configuration-test before">
                <span class="method-name">beforeTest(HULFT_bulid5667--All_Regression)</span>
                <span class="method-start">247390 ms</span>
              </div> <!-- configuration-test before -->
              <div class="test-method">
                <span class="method-name">verify_ScheduleTransfer({RunMode=Y})</span>
                <span class="method-start">247390 ms</span>
              </div> <!-- test-method -->
              <div class="configuration-test after">
                <span class="method-name">afterTest</span>
                <span class="method-start">247390 ms</span>
              </div> <!-- configuration-test after -->
            </div> <!-- chronological-class -->
            <div class="chronological-class">
              <div class="chronological-class-name">in.v2solutions.hybrid.testcases.HLT_22_Verify_ProfileActions</div> <!-- chronological-class-name -->
              <div class="configuration-test before">
                <span class="method-name">beforeTest(HULFT_bulid5667--All_Regression)</span>
                <span class="method-start">247484 ms</span>
              </div> <!-- configuration-test before -->
              <div class="test-method">
                <span class="method-name">verify_ProfileActions({RunMode=Y})</span>
                <span class="method-start">247484 ms</span>
              </div> <!-- test-method -->
              <div class="configuration-test after">
                <span class="method-name">afterTest</span>
                <span class="method-start">247484 ms</span>
              </div> <!-- configuration-test after -->
            </div> <!-- chronological-class -->
            <div class="chronological-class">
              <div class="chronological-class-name">in.v2solutions.hybrid.testcases.HLT_23_Verify_ProductsLicenses</div> <!-- chronological-class-name -->
              <div class="configuration-test before">
                <span class="method-name">beforeTest(HULFT_bulid5667--All_Regression)</span>
                <span class="method-start">247577 ms</span>
              </div> <!-- configuration-test before -->
              <div class="test-method">
                <span class="method-name">verify_ProductsLicenses({RunMode=Y})</span>
                <span class="method-start">247577 ms</span>
              </div> <!-- test-method -->
              <div class="configuration-test after">
                <span class="method-name">afterTest</span>
                <span class="method-start">247577 ms</span>
              </div> <!-- configuration-test after -->
            </div> <!-- chronological-class -->
            <div class="chronological-class">
              <div class="chronological-class-name">in.v2solutions.hybrid.testcases.HLT_28_Verify_SelectUnselectSFTPServeronHosts</div> <!-- chronological-class-name -->
              <div class="configuration-test before">
                <span class="method-name">beforeTest(HULFT_bulid5667--All_Regression)</span>
                <span class="method-start">247656 ms</span>
              </div> <!-- configuration-test before -->
              <div class="test-method">
                <span class="method-name">verify_SelectUnselectSFTPServeronHosts({RunMode=Y})</span>
                <span class="method-start">247656 ms</span>
              </div> <!-- test-method -->
              <div class="configuration-test after">
                <span class="method-name">afterTest</span>
                <span class="method-start">247656 ms</span>
              </div> <!-- configuration-test after -->
            </div> <!-- chronological-class -->
            <div class="chronological-class">
              <div class="chronological-class-name">in.v2solutions.hybrid.testcases.HLT_29_Verify_SFTPTransfer</div> <!-- chronological-class-name -->
              <div class="configuration-test before">
                <span class="method-name">beforeTest(HULFT_bulid5667--All_Regression)</span>
                <span class="method-start">247749 ms</span>
              </div> <!-- configuration-test before -->
              <div class="test-method">
                <span class="method-name">verify_SFTPTransfer({RunMode=Y})</span>
                <span class="method-start">247749 ms</span>
              </div> <!-- test-method -->
              <div class="configuration-test after">
                <span class="method-name">afterTest</span>
                <span class="method-start">247749 ms</span>
              </div> <!-- configuration-test after -->
            </div> <!-- chronological-class -->
            <div class="chronological-class">
              <div class="chronological-class-name">in.v2solutions.hybrid.testcases.HLT_31_Verify_ProductsLicensesInsatllations</div> <!-- chronological-class-name -->
              <div class="configuration-test before">
                <span class="method-name">beforeTest(HULFT_bulid5667--All_Regression)</span>
                <span class="method-start">247834 ms</span>
              </div> <!-- configuration-test before -->
              <div class="test-method">
                <span class="method-name">verify_ProductsLicensesInsatllations({RunMode=Y})</span>
                <span class="method-start">247834 ms</span>
              </div> <!-- test-method -->
              <div class="configuration-test after">
                <span class="method-name">afterTest</span>
                <span class="method-start">247834 ms</span>
              </div> <!-- configuration-test after -->
            </div> <!-- chronological-class -->
            <div class="chronological-class">
              <div class="chronological-class-name">in.v2solutions.hybrid.testcases.HLT_32_Verify_GlobalSearchDeatilsTransferHistory</div> <!-- chronological-class-name -->
              <div class="configuration-test before">
                <span class="method-name">beforeTest(HULFT_bulid5667--All_Regression)</span>
                <span class="method-start">247897 ms</span>
              </div> <!-- configuration-test before -->
              <div class="test-method">
                <span class="method-name">verify_GlobalSearchDeatilsTransferHistory({RunMode=Y})</span>
                <span class="method-start">247913 ms</span>
              </div> <!-- test-method -->
              <div class="configuration-test after">
                <span class="method-name">afterTest</span>
                <span class="method-start">247913 ms</span>
              </div> <!-- configuration-test after -->
            </div> <!-- chronological-class -->
            <div class="chronological-class">
              <div class="chronological-class-name">in.v2solutions.hybrid.testcases.HLT_33_Verify_MetaDatafileForTransfers</div> <!-- chronological-class-name -->
              <div class="configuration-test before">
                <span class="method-name">beforeTest(HULFT_bulid5667--All_Regression)</span>
                <span class="method-start">247991 ms</span>
              </div> <!-- configuration-test before -->
              <div class="test-method">
                <span class="method-name">verify_MetaDatafileForTransfers({RunMode=Y})</span>
                <span class="method-start">247991 ms</span>
              </div> <!-- test-method -->
              <div class="configuration-test after">
                <span class="method-name">afterTest</span>
                <span class="method-start">247991 ms</span>
              </div> <!-- configuration-test after -->
            </div> <!-- chronological-class -->
            <div class="chronological-class">
              <div class="chronological-class-name">in.v2solutions.hybrid.testcases.HLT_34_Verify_SearchFunctionalityWorksForUserActions</div> <!-- chronological-class-name -->
              <div class="configuration-test before">
                <span class="method-name">beforeTest(HULFT_bulid5667--All_Regression)</span>
                <span class="method-start">248053 ms</span>
              </div> <!-- configuration-test before -->
              <div class="test-method">
                <span class="method-name">verify_SearchFunctionalityWorksForUserActions({RunMode=Y})</span>
                <span class="method-start">248053 ms</span>
              </div> <!-- test-method -->
              <div class="configuration-test after">
                <span class="method-name">afterTest</span>
                <span class="method-start">248053 ms</span>
              </div> <!-- configuration-test after -->
            </div> <!-- chronological-class -->
            <div class="chronological-class">
              <div class="chronological-class-name">in.v2solutions.hybrid.testcases.HLT_36_Verify_SystemNotifications</div> <!-- chronological-class-name -->
              <div class="configuration-test before">
                <span class="method-name">beforeTest(HULFT_bulid5667--All_Regression)</span>
                <span class="method-start">248131 ms</span>
              </div> <!-- configuration-test before -->
              <div class="test-method">
                <span class="method-name">verify_SystemNotifications({RunMode=Y})</span>
                <span class="method-start">248131 ms</span>
              </div> <!-- test-method -->
              <div class="configuration-test after">
                <span class="method-name">afterTest</span>
                <span class="method-start">248131 ms</span>
              </div> <!-- configuration-test after -->
            </div> <!-- chronological-class -->
            <div class="chronological-class">
              <div class="chronological-class-name">in.v2solutions.hybrid.testcases.HLT_37_Verify_AssignUnassignHostToExternalUserAndVerifyDeleteAction</div> <!-- chronological-class-name -->
              <div class="configuration-test before">
                <span class="method-name">beforeTest(HULFT_bulid5667--All_Regression)</span>
                <span class="method-start">248225 ms</span>
              </div> <!-- configuration-test before -->
              <div class="test-method">
                <span class="method-name">verify_AssignUnassignHostToExternalUserAnd({RunMode=Y})</span>
                <span class="method-start">248225 ms</span>
              </div> <!-- test-method -->
              <div class="configuration-test after">
                <span class="method-name">afterTest</span>
                <span class="method-start">248225 ms</span>
              </div> <!-- configuration-test after -->
            </div> <!-- chronological-class -->
            <div class="chronological-class">
              <div class="chronological-class-name">in.v2solutions.hybrid.testcases.HLT_38_Verify_ScheduleTransferUsingCronExpression</div> <!-- chronological-class-name -->
              <div class="configuration-test before">
                <span class="method-name">beforeTest(HULFT_bulid5667--All_Regression)</span>
                <span class="method-start">248303 ms</span>
              </div> <!-- configuration-test before -->
              <div class="test-method">
                <span class="method-name">verify_ScheduleTransferUsingCronExpression({RunMode=Y})</span>
                <span class="method-start">248303 ms</span>
              </div> <!-- test-method -->
              <div class="configuration-test after">
                <span class="method-name">afterTest</span>
                <span class="method-start">248303 ms</span>
              </div> <!-- configuration-test after -->
            </div> <!-- chronological-class -->
            <div class="chronological-class">
              <div class="chronological-class-name">in.v2solutions.hybrid.testcases.HLT_35_Verify_CaptureUserActions</div> <!-- chronological-class-name -->
              <div class="configuration-test before">
                <span class="method-name">beforeTest(HULFT_bulid5667--All_Regression)</span>
                <span class="method-start">248366 ms</span>
              </div> <!-- configuration-test before -->
              <div class="test-method">
                <span class="method-name">verify_CaptureUserActions({RunMode=Y})</span>
                <span class="method-start">248366 ms</span>
              </div> <!-- test-method -->
              <div class="configuration-test after">
                <span class="method-name">afterTest</span>
                <span class="method-start">248381 ms</span>
              </div> <!-- configuration-test after -->
            </div> <!-- chronological-class -->
            <div class="chronological-class">
              <div class="chronological-class-name">in.v2solutions.hybrid.testcases.HLT_39_Verify_CreateNewSubJobTransfer</div> <!-- chronological-class-name -->
              <div class="configuration-test before">
                <span class="method-name">beforeTest(HULFT_bulid5667--All_Regression)</span>
                <span class="method-start">248444 ms</span>
              </div> <!-- configuration-test before -->
              <div class="test-method">
                <span class="method-name">verify_CreateNewSubJobTransfer({RunMode=Y})</span>
                <span class="method-start">248444 ms</span>
              </div> <!-- test-method -->
              <div class="configuration-test after">
                <span class="method-name">afterTest</span>
                <span class="method-start">248444 ms</span>
              </div> <!-- configuration-test after -->
            </div> <!-- chronological-class -->
            <div class="chronological-class">
              <div class="chronological-class-name">in.v2solutions.hybrid.testcases.HLT_41_Verify_SubJobTransferActions</div> <!-- chronological-class-name -->
              <div class="configuration-test before">
                <span class="method-name">beforeTest(HULFT_bulid5667--All_Regression)</span>
                <span class="method-start">248506 ms</span>
              </div> <!-- configuration-test before -->
              <div class="test-method">
                <span class="method-name">verify_SubJobTransferActions({RunMode=Y})</span>
                <span class="method-start">248506 ms</span>
              </div> <!-- test-method -->
              <div class="configuration-test after">
                <span class="method-name">afterTest</span>
                <span class="method-start">248506 ms</span>
              </div> <!-- configuration-test after -->
            </div> <!-- chronological-class -->
            <div class="chronological-class">
              <div class="chronological-class-name">in.v2solutions.hybrid.testcases.HLT_42_Verify_KnowledgeBaseContactUsURLs</div> <!-- chronological-class-name -->
              <div class="configuration-test before">
                <span class="method-name">beforeTest(HULFT_bulid5667--All_Regression)</span>
                <span class="method-start">248584 ms</span>
              </div> <!-- configuration-test before -->
              <div class="test-method">
                <span class="method-name">verify_KnowledgeBaseContactUsURLs({RunMode=Y})</span>
                <span class="method-start">248584 ms</span>
              </div> <!-- test-method -->
              <div class="configuration-test after">
                <span class="method-name">afterTest</span>
                <span class="method-start">248584 ms</span>
              </div> <!-- configuration-test after -->
            </div> <!-- chronological-class -->
            <div class="chronological-class">
              <div class="chronological-class-name">in.v2solutions.hybrid.testcases.HLT_43_Verify_ScheduleSubJobTransfer</div> <!-- chronological-class-name -->
              <div class="configuration-test before">
                <span class="method-name">beforeTest(HULFT_bulid5667--All_Regression)</span>
                <span class="method-start">248647 ms</span>
              </div> <!-- configuration-test before -->
              <div class="test-method">
                <span class="method-name">verify_ScheduleSubJobTransfer({RunMode=Y})</span>
                <span class="method-start">248647 ms</span>
              </div> <!-- test-method -->
              <div class="configuration-test after">
                <span class="method-name">afterTest</span>
                <span class="method-start">248647 ms</span>
              </div> <!-- configuration-test after -->
            </div> <!-- chronological-class -->
            <div class="chronological-class">
              <div class="chronological-class-name">in.v2solutions.hybrid.testcases.HLT_44_Verify_SubjobTransferActionSAnditShouldNotDisplayMigrateAction</div> <!-- chronological-class-name -->
              <div class="configuration-test before">
                <span class="method-name">beforeTest(HULFT_bulid5667--All_Regression)</span>
                <span class="method-start">248725 ms</span>
              </div> <!-- configuration-test before -->
              <div class="test-method">
                <span class="method-name">verify_SubjobTransferActionSAnditShouldNotDisplayMigrateAction({RunMode=Y})</span>
                <span class="method-start">248725 ms</span>
              </div> <!-- test-method -->
              <div class="configuration-test after">
                <span class="method-name">afterTest</span>
                <span class="method-start">248725 ms</span>
              </div> <!-- configuration-test after -->
            </div> <!-- chronological-class -->
            <div class="chronological-class">
              <div class="chronological-class-name">in.v2solutions.hybrid.testcases.HLT_45_Verify_CreateSubJobWithEngineAndVerifyTransferLogs</div> <!-- chronological-class-name -->
              <div class="configuration-test before">
                <span class="method-name">beforeTest(HULFT_bulid5667--All_Regression)</span>
                <span class="method-start">248788 ms</span>
              </div> <!-- configuration-test before -->
              <div class="test-method">
                <span class="method-name">verify_CreateSubJobWithEngineAnd({RunMode=Y})</span>
                <span class="method-start">248788 ms</span>
              </div> <!-- test-method -->
              <div class="configuration-test after">
                <span class="method-name">afterTest</span>
                <span class="method-start">248788 ms</span>
              </div> <!-- configuration-test after -->
            </div> <!-- chronological-class -->
            <div class="chronological-class">
              <div class="chronological-class-name">in.v2solutions.hybrid.testcases.HLT_46_Verify_CreateNewTransferWithFTPSProtocolAndItsActions</div> <!-- chronological-class-name -->
              <div class="configuration-test before">
                <span class="method-name">beforeTest(HULFT_bulid5667--All_Regression)</span>
                <span class="method-start">248866 ms</span>
              </div> <!-- configuration-test before -->
              <div class="test-method">
                <span class="method-name">verify_CreateNewTransferWithFTPSProtocolAndItsActions({RunMode=Y})</span>
                <span class="method-start">248866 ms</span>
              </div> <!-- test-method -->
              <div class="configuration-test after">
                <span class="method-name">afterTest</span>
                <span class="method-start">248866 ms</span>
              </div> <!-- configuration-test after -->
            </div> <!-- chronological-class -->
            <div class="chronological-class">
              <div class="chronological-class-name">in.v2solutions.hybrid.testcases.HLT_47_Verify_CreateMultipleSubjobsAndVerifyStatus</div> <!-- chronological-class-name -->
              <div class="configuration-test before">
                <span class="method-name">beforeTest(HULFT_bulid5667--All_Regression)</span>
                <span class="method-start">248928 ms</span>
              </div> <!-- configuration-test before -->
              <div class="test-method">
                <span class="method-name">verify_CreateMultipleSubjobsAnd({RunMode=Y})</span>
                <span class="method-start">248928 ms</span>
              </div> <!-- test-method -->
              <div class="configuration-test after">
                <span class="method-name">afterTest</span>
                <span class="method-start">248928 ms</span>
              </div> <!-- configuration-test after -->
            </div> <!-- chronological-class -->
            <div class="chronological-class">
              <div class="chronological-class-name">in.v2solutions.hybrid.testcases.HLT_50_Verify_KeyCompatabilityWhileCreatingTransfer</div> <!-- chronological-class-name -->
              <div class="configuration-test before">
                <span class="method-name">beforeTest(HULFT_bulid5667--All_Regression)</span>
                <span class="method-start">249006 ms</span>
              </div> <!-- configuration-test before -->
              <div class="test-method">
                <span class="method-name">verify_KeyCompatabilityWhileCreatingTransfer({RunMode=Y})</span>
                <span class="method-start">249006 ms</span>
              </div> <!-- test-method -->
              <div class="configuration-test after">
                <span class="method-name">afterTest</span>
                <span class="method-start">249006 ms</span>
              </div> <!-- configuration-test after -->
            </div> <!-- chronological-class -->
            <div class="chronological-class">
              <div class="chronological-class-name">in.v2solutions.hybrid.testcases.HLT_51_Verify_CreateViewEditDeleteDataForApplicationsModule</div> <!-- chronological-class-name -->
              <div class="configuration-test before">
                <span class="method-name">beforeTest(HULFT_bulid5667--All_Regression)</span>
                <span class="method-start">249069 ms</span>
              </div> <!-- configuration-test before -->
              <div class="test-method">
                <span class="method-name">verify_CreateViewEditDeleteDataForApplicationsModule({RunMode=Y})</span>
                <span class="method-start">249069 ms</span>
              </div> <!-- test-method -->
              <div class="configuration-test after">
                <span class="method-name">afterTest</span>
                <span class="method-start">249069 ms</span>
              </div> <!-- configuration-test after -->
          </div> <!-- main-panel-content rounded-window-bottom -->
        </div> <!-- panel -->
      </div> <!-- main-panel-root -->
    </div> <!-- wrapper -->
  </body>
</html>
