<?xml version="1.0" encoding="UTF-8"?>
<!-- Generated by org.testng.reporters.JUnitReportReporter -->
<testsuite skipped="0" hostname="v2mumpc0455" name="in.v2solutions.hybrid.testcases.HLT_04_Verify_ViewEditListRunStausLogsPermissionsSearchAndProtocolDetailsWorksForHosts" tests="1" failures="1" timestamp="19 Mar 2018 08:44:13 GMT" time="133.974" errors="0">
  <testcase name="verify_ViewEditListRunStausLogsPermissionsSearchAndProtocolDetailsWorksForHosts" time="133.974" classname="in.v2solutions.hybrid.testcases.HLT_04_Verify_ViewEditListRunStausLogsPermissionsSearchAndProtocolDetailsWorksForHosts">
    <failure type="java.lang.AssertionError" message="FAIL - Not able to read text from HOSTDETAILS_IPV4ADDRESS , For Error Screenshot please refer to this link  : &lt;a href=&#039;HLT_04--Failed_AT-GetText-HOSTDETAILS_IPV4ADDRESS-1903_021407_PM(IST).png&#039;&gt;HLT_04--Failed_AT-GetText-HOSTDETAILS_IPV4ADDRESS-1903_021407_PM(IST).png&lt;/a&gt; &amp;&amp;  expected [true] but found [false]">
      <![CDATA[java.lang.AssertionError: FAIL - Not able to read text from HOSTDETAILS_IPV4ADDRESS , For Error Screenshot please refer to this link  : <a href='HLT_04--Failed_AT-GetText-HOSTDETAILS_IPV4ADDRESS-1903_021407_PM(IST).png'>HLT_04--Failed_AT-GetText-HOSTDETAILS_IPV4ADDRESS-1903_021407_PM(IST).png</a> &&  expected [true] but found [false]
	at org.testng.Assert.fail(Assert.java:93)
	at org.testng.Assert.failNotEquals(Assert.java:512)
	at org.testng.Assert.assertTrue(Assert.java:41)
	at in.v2solutions.hybrid.util.Keywords.executeKeywords(Keywords.java:664)
	at in.v2solutions.hybrid.testcases.HLT_04_Verify_ViewEditListRunStausLogsPermissionsSearchAndProtocolDetailsWorksForHosts.verify_ViewEditListRunStausLogsPermissionsSearchAndProtocolDetailsWorksForHosts(HLT_04_Verify_ViewEditListRunStausLogsPermissionsSearchAndProtocolDetailsWorksForHosts.java:60)
	at sun.reflect.NativeMethodAccessorImpl.invoke0(Native Method)
	at sun.reflect.NativeMethodAccessorImpl.invoke(Unknown Source)
	at sun.reflect.DelegatingMethodAccessorImpl.invoke(Unknown Source)
	at java.lang.reflect.Method.invoke(Unknown Source)
	at org.testng.internal.MethodInvocationHelper.invokeMethod(MethodInvocationHelper.java:108)
	at org.testng.internal.Invoker.invokeMethod(Invoker.java:661)
	at org.testng.internal.Invoker.invokeTestMethod(Invoker.java:869)
	at org.testng.internal.Invoker.invokeTestMethods(Invoker.java:1193)
	at org.testng.internal.TestMethodWorker.invokeTestMethods(TestMethodWorker.java:126)
	at org.testng.internal.TestMethodWorker.run(TestMethodWorker.java:109)
	at org.testng.TestRunner.privateRun(TestRunner.java:744)
	at org.testng.TestRunner.run(TestRunner.java:602)
	at org.testng.SuiteRunner.runTest(SuiteRunner.java:380)
	at org.testng.SuiteRunner.runSequentially(SuiteRunner.java:375)
	at org.testng.SuiteRunner.privateRun(SuiteRunner.java:340)
	at org.testng.SuiteRunner.run(SuiteRunner.java:289)
	at org.testng.SuiteRunnerWorker.runSuite(SuiteRunnerWorker.java:52)
	at org.testng.SuiteRunnerWorker.run(SuiteRunnerWorker.java:86)
	at org.testng.TestNG.runSuitesSequentially(TestNG.java:1301)
	at org.testng.TestNG.runSuitesLocally(TestNG.java:1226)
	at org.testng.TestNG.runSuites(TestNG.java:1144)
	at org.testng.TestNG.run(TestNG.java:1115)
	at org.testng.remote.AbstractRemoteTestNG.run(AbstractRemoteTestNG.java:132)
	at org.testng.remote.RemoteTestNG.initAndRun(RemoteTestNG.java:236)
	at org.testng.remote.RemoteTestNG.main(RemoteTestNG.java:81)
]]>
    </failure>
  </testcase> <!-- verify_ViewEditListRunStausLogsPermissionsSearchAndProtocolDetailsWorksForHosts -->
</testsuite> <!-- in.v2solutions.hybrid.testcases.HLT_04_Verify_ViewEditListRunStausLogsPermissionsSearchAndProtocolDetailsWorksForHosts -->
